train_64x128_H96/pos/crop_000010a.png
train_64x128_H96/pos/crop_000010b.png
train_64x128_H96/pos/crop_000011a.png
train_64x128_H96/pos/crop_000011b.png
train_64x128_H96/pos/crop_000603a.png
train_64x128_H96/pos/crop_000603b.png
train_64x128_H96/pos/crop_000606a.png
train_64x128_H96/pos/crop_000606b.png
train_64x128_H96/pos/crop_000606c.png
train_64x128_H96/pos/crop_000606d.png
train_64x128_H96/pos/crop_000607a.png
train_64x128_H96/pos/crop_000607b.png
train_64x128_H96/pos/crop_000607c.png
train_64x128_H96/pos/crop_000607d.png
train_64x128_H96/pos/crop_000608a.png
train_64x128_H96/pos/crop_000608b.png
train_64x128_H96/pos/crop001001a.png
train_64x128_H96/pos/crop001001b.png
train_64x128_H96/pos/crop001001c.png
train_64x128_H96/pos/crop001001d.png
train_64x128_H96/pos/crop001001e.png
train_64x128_H96/pos/crop001001f.png
train_64x128_H96/pos/crop001002a.png
train_64x128_H96/pos/crop001002b.png
train_64x128_H96/pos/crop001002c.png
train_64x128_H96/pos/crop001002d.png
train_64x128_H96/pos/crop001003a.png
train_64x128_H96/pos/crop001003b.png
train_64x128_H96/pos/crop001003c.png
train_64x128_H96/pos/crop001003d.png
train_64x128_H96/pos/crop001004a.png
train_64x128_H96/pos/crop001004b.png
train_64x128_H96/pos/crop001004c.png
train_64x128_H96/pos/crop001004d.png
train_64x128_H96/pos/crop001005a.png
train_64x128_H96/pos/crop001005b.png
train_64x128_H96/pos/crop001005c.png
train_64x128_H96/pos/crop001005d.png
train_64x128_H96/pos/crop001006a.png
train_64x128_H96/pos/crop001006b.png
train_64x128_H96/pos/crop001006c.png
train_64x128_H96/pos/crop001006d.png
train_64x128_H96/pos/crop001007a.png
train_64x128_H96/pos/crop001007b.png
train_64x128_H96/pos/crop001007c.png
train_64x128_H96/pos/crop001007d.png
train_64x128_H96/pos/crop001007e.png
train_64x128_H96/pos/crop001007f.png
train_64x128_H96/pos/crop001007g.png
train_64x128_H96/pos/crop001007h.png
train_64x128_H96/pos/crop001007i.png
train_64x128_H96/pos/crop001007j.png
train_64x128_H96/pos/crop001008a.png
train_64x128_H96/pos/crop001008b.png
train_64x128_H96/pos/crop001008c.png
train_64x128_H96/pos/crop001008d.png
train_64x128_H96/pos/crop001009a.png
train_64x128_H96/pos/crop001009b.png
train_64x128_H96/pos/crop001010a.png
train_64x128_H96/pos/crop001010b.png
train_64x128_H96/pos/crop001011a.png
train_64x128_H96/pos/crop001011b.png
train_64x128_H96/pos/crop001011c.png
train_64x128_H96/pos/crop001011d.png
train_64x128_H96/pos/crop001012a.png
train_64x128_H96/pos/crop001012b.png
train_64x128_H96/pos/crop001013a.png
train_64x128_H96/pos/crop001013b.png
train_64x128_H96/pos/crop001014a.png
train_64x128_H96/pos/crop001014b.png
train_64x128_H96/pos/crop001015a.png
train_64x128_H96/pos/crop001015b.png
train_64x128_H96/pos/crop001016a.png
train_64x128_H96/pos/crop001016b.png
train_64x128_H96/pos/crop001017a.png
train_64x128_H96/pos/crop001017b.png
train_64x128_H96/pos/crop001018a.png
train_64x128_H96/pos/crop001018b.png
train_64x128_H96/pos/crop001019a.png
train_64x128_H96/pos/crop001019b.png
train_64x128_H96/pos/crop001020a.png
train_64x128_H96/pos/crop001020b.png
train_64x128_H96/pos/crop001021a.png
train_64x128_H96/pos/crop001021b.png
train_64x128_H96/pos/crop001022a.png
train_64x128_H96/pos/crop001022b.png
train_64x128_H96/pos/crop001023a.png
train_64x128_H96/pos/crop001023b.png
train_64x128_H96/pos/crop001023c.png
train_64x128_H96/pos/crop001023d.png
train_64x128_H96/pos/crop001024a.png
train_64x128_H96/pos/crop001024b.png
train_64x128_H96/pos/crop001025a.png
train_64x128_H96/pos/crop001025b.png
train_64x128_H96/pos/crop001026a.png
train_64x128_H96/pos/crop001026b.png
train_64x128_H96/pos/crop001026c.png
train_64x128_H96/pos/crop001026d.png
train_64x128_H96/pos/crop001026e.png
train_64x128_H96/pos/crop001026f.png
train_64x128_H96/pos/crop001027a.png
train_64x128_H96/pos/crop001027b.png
train_64x128_H96/pos/crop001028a.png
train_64x128_H96/pos/crop001028b.png
train_64x128_H96/pos/crop001029a.png
train_64x128_H96/pos/crop001029b.png
train_64x128_H96/pos/crop001030a.png
train_64x128_H96/pos/crop001030b.png
train_64x128_H96/pos/crop001030c.png
train_64x128_H96/pos/crop001030d.png
train_64x128_H96/pos/crop001031a.png
train_64x128_H96/pos/crop001031b.png
train_64x128_H96/pos/crop001032a.png
train_64x128_H96/pos/crop001032b.png
train_64x128_H96/pos/crop001033a.png
train_64x128_H96/pos/crop001033b.png
train_64x128_H96/pos/crop001034a.png
train_64x128_H96/pos/crop001034b.png
train_64x128_H96/pos/crop001035a.png
train_64x128_H96/pos/crop001035b.png
train_64x128_H96/pos/crop001036a.png
train_64x128_H96/pos/crop001036b.png
train_64x128_H96/pos/crop001037a.png
train_64x128_H96/pos/crop001037b.png
train_64x128_H96/pos/crop001038a.png
train_64x128_H96/pos/crop001038b.png
train_64x128_H96/pos/crop001038c.png
train_64x128_H96/pos/crop001038d.png
train_64x128_H96/pos/crop001038e.png
train_64x128_H96/pos/crop001038f.png
train_64x128_H96/pos/crop001038g.png
train_64x128_H96/pos/crop001038h.png
train_64x128_H96/pos/crop001039a.png
train_64x128_H96/pos/crop001039b.png
train_64x128_H96/pos/crop001039c.png
train_64x128_H96/pos/crop001039d.png
train_64x128_H96/pos/crop001040a.png
train_64x128_H96/pos/crop001040b.png
train_64x128_H96/pos/crop001042a.png
train_64x128_H96/pos/crop001042b.png
train_64x128_H96/pos/crop001042c.png
train_64x128_H96/pos/crop001042d.png
train_64x128_H96/pos/crop001043a.png
train_64x128_H96/pos/crop001043b.png
train_64x128_H96/pos/crop001044a.png
train_64x128_H96/pos/crop001044b.png
train_64x128_H96/pos/crop001045a.png
train_64x128_H96/pos/crop001045b.png
train_64x128_H96/pos/crop001046a.png
train_64x128_H96/pos/crop001046b.png
train_64x128_H96/pos/crop001047a.png
train_64x128_H96/pos/crop001047b.png
train_64x128_H96/pos/crop001048a.png
train_64x128_H96/pos/crop001048b.png
train_64x128_H96/pos/crop001050a.png
train_64x128_H96/pos/crop001050b.png
train_64x128_H96/pos/crop001050c.png
train_64x128_H96/pos/crop001050d.png
train_64x128_H96/pos/crop001050e.png
train_64x128_H96/pos/crop001050f.png
train_64x128_H96/pos/crop001050g.png
train_64x128_H96/pos/crop001050h.png
train_64x128_H96/pos/crop001050i.png
train_64x128_H96/pos/crop001050j.png
train_64x128_H96/pos/crop001051a.png
train_64x128_H96/pos/crop001051b.png
train_64x128_H96/pos/crop001051c.png
train_64x128_H96/pos/crop001051d.png
train_64x128_H96/pos/crop001052a.png
train_64x128_H96/pos/crop001052b.png
train_64x128_H96/pos/crop001053a.png
train_64x128_H96/pos/crop001053b.png
train_64x128_H96/pos/crop001054a.png
train_64x128_H96/pos/crop001054b.png
train_64x128_H96/pos/crop001054c.png
train_64x128_H96/pos/crop001054d.png
train_64x128_H96/pos/crop001055a.png
train_64x128_H96/pos/crop001055b.png
train_64x128_H96/pos/crop001056a.png
train_64x128_H96/pos/crop001056b.png
train_64x128_H96/pos/crop001056c.png
train_64x128_H96/pos/crop001056d.png
train_64x128_H96/pos/crop001057a.png
train_64x128_H96/pos/crop001057b.png
train_64x128_H96/pos/crop001058a.png
train_64x128_H96/pos/crop001058b.png
train_64x128_H96/pos/crop001059a.png
train_64x128_H96/pos/crop001059b.png
train_64x128_H96/pos/crop001060a.png
train_64x128_H96/pos/crop001060b.png
train_64x128_H96/pos/crop001061a.png
train_64x128_H96/pos/crop001061b.png
train_64x128_H96/pos/crop001061c.png
train_64x128_H96/pos/crop001061d.png
train_64x128_H96/pos/crop001063a.png
train_64x128_H96/pos/crop001063b.png
train_64x128_H96/pos/crop001063c.png
train_64x128_H96/pos/crop001063d.png
train_64x128_H96/pos/crop001063e.png
train_64x128_H96/pos/crop001063f.png
train_64x128_H96/pos/crop001063g.png
train_64x128_H96/pos/crop001063h.png
train_64x128_H96/pos/crop001064a.png
train_64x128_H96/pos/crop001064b.png
train_64x128_H96/pos/crop001064c.png
train_64x128_H96/pos/crop001064d.png
train_64x128_H96/pos/crop001064e.png
train_64x128_H96/pos/crop001064f.png
train_64x128_H96/pos/crop001064g.png
train_64x128_H96/pos/crop001064h.png
train_64x128_H96/pos/crop001066a.png
train_64x128_H96/pos/crop001066b.png
train_64x128_H96/pos/crop001068a.png
train_64x128_H96/pos/crop001068b.png
train_64x128_H96/pos/crop001069a.png
train_64x128_H96/pos/crop001069b.png
train_64x128_H96/pos/crop001069c.png
train_64x128_H96/pos/crop001069d.png
train_64x128_H96/pos/crop001070a.png
train_64x128_H96/pos/crop001070b.png
train_64x128_H96/pos/crop001071a.png
train_64x128_H96/pos/crop001071b.png
train_64x128_H96/pos/crop001072a.png
train_64x128_H96/pos/crop001072b.png
train_64x128_H96/pos/crop001072c.png
train_64x128_H96/pos/crop001072d.png
train_64x128_H96/pos/crop001072e.png
train_64x128_H96/pos/crop001072f.png
train_64x128_H96/pos/crop001072g.png
train_64x128_H96/pos/crop001072h.png
train_64x128_H96/pos/crop001072i.png
train_64x128_H96/pos/crop001072j.png
train_64x128_H96/pos/crop001072k.png
train_64x128_H96/pos/crop001072l.png
train_64x128_H96/pos/crop001073a.png
train_64x128_H96/pos/crop001073b.png
train_64x128_H96/pos/crop001073c.png
train_64x128_H96/pos/crop001073d.png
train_64x128_H96/pos/crop001074a.png
train_64x128_H96/pos/crop001074b.png
train_64x128_H96/pos/crop001074c.png
train_64x128_H96/pos/crop001074d.png
train_64x128_H96/pos/crop001074e.png
train_64x128_H96/pos/crop001074f.png
train_64x128_H96/pos/crop001074g.png
train_64x128_H96/pos/crop001074h.png
train_64x128_H96/pos/crop001074i.png
train_64x128_H96/pos/crop001074j.png
train_64x128_H96/pos/crop001074k.png
train_64x128_H96/pos/crop001074l.png
train_64x128_H96/pos/crop001074m.png
train_64x128_H96/pos/crop001074n.png
train_64x128_H96/pos/crop001075a.png
train_64x128_H96/pos/crop001075b.png
train_64x128_H96/pos/crop001075c.png
train_64x128_H96/pos/crop001075d.png
train_64x128_H96/pos/crop001078a.png
train_64x128_H96/pos/crop001078b.png
train_64x128_H96/pos/crop001078c.png
train_64x128_H96/pos/crop001078d.png
train_64x128_H96/pos/crop001078e.png
train_64x128_H96/pos/crop001078f.png
train_64x128_H96/pos/crop001079a.png
train_64x128_H96/pos/crop001079b.png
train_64x128_H96/pos/crop001079c.png
train_64x128_H96/pos/crop001079d.png
train_64x128_H96/pos/crop001079e.png
train_64x128_H96/pos/crop001079f.png
train_64x128_H96/pos/crop001079g.png
train_64x128_H96/pos/crop001079h.png
train_64x128_H96/pos/crop001079i.png
train_64x128_H96/pos/crop001079j.png
train_64x128_H96/pos/crop001081a.png
train_64x128_H96/pos/crop001081b.png
train_64x128_H96/pos/crop001081c.png
train_64x128_H96/pos/crop001081d.png
train_64x128_H96/pos/crop001081e.png
train_64x128_H96/pos/crop001081f.png
train_64x128_H96/pos/crop001083a.png
train_64x128_H96/pos/crop001083b.png
train_64x128_H96/pos/crop001083c.png
train_64x128_H96/pos/crop001083d.png
train_64x128_H96/pos/crop001083e.png
train_64x128_H96/pos/crop001083f.png
train_64x128_H96/pos/crop001084a.png
train_64x128_H96/pos/crop001084b.png
train_64x128_H96/pos/crop001085a.png
train_64x128_H96/pos/crop001085b.png
train_64x128_H96/pos/crop001086a.png
train_64x128_H96/pos/crop001086b.png
train_64x128_H96/pos/crop001086c.png
train_64x128_H96/pos/crop001086d.png
train_64x128_H96/pos/crop001087a.png
train_64x128_H96/pos/crop001087b.png
train_64x128_H96/pos/crop001088a.png
train_64x128_H96/pos/crop001088b.png
train_64x128_H96/pos/crop001089a.png
train_64x128_H96/pos/crop001089b.png
train_64x128_H96/pos/crop001090a.png
train_64x128_H96/pos/crop001090b.png
train_64x128_H96/pos/crop001091a.png
train_64x128_H96/pos/crop001091b.png
train_64x128_H96/pos/crop001092a.png
train_64x128_H96/pos/crop001092b.png
train_64x128_H96/pos/crop001093a.png
train_64x128_H96/pos/crop001093b.png
train_64x128_H96/pos/crop001093c.png
train_64x128_H96/pos/crop001093d.png
train_64x128_H96/pos/crop001093e.png
train_64x128_H96/pos/crop001093f.png
train_64x128_H96/pos/crop001094a.png
train_64x128_H96/pos/crop001094b.png
train_64x128_H96/pos/crop001094c.png
train_64x128_H96/pos/crop001094d.png
train_64x128_H96/pos/crop001094e.png
train_64x128_H96/pos/crop001094f.png
train_64x128_H96/pos/crop001094g.png
train_64x128_H96/pos/crop001094h.png
train_64x128_H96/pos/crop001094i.png
train_64x128_H96/pos/crop001094j.png
train_64x128_H96/pos/crop001095a.png
train_64x128_H96/pos/crop001095b.png
train_64x128_H96/pos/crop001095c.png
train_64x128_H96/pos/crop001095d.png
train_64x128_H96/pos/crop001096a.png
train_64x128_H96/pos/crop001096b.png
train_64x128_H96/pos/crop001097a.png
train_64x128_H96/pos/crop001097b.png
train_64x128_H96/pos/crop001097c.png
train_64x128_H96/pos/crop001097d.png
train_64x128_H96/pos/crop001097e.png
train_64x128_H96/pos/crop001097f.png
train_64x128_H96/pos/crop001098a.png
train_64x128_H96/pos/crop001098b.png
train_64x128_H96/pos/crop001099a.png
train_64x128_H96/pos/crop001099b.png
train_64x128_H96/pos/crop001099c.png
train_64x128_H96/pos/crop001099d.png
train_64x128_H96/pos/crop001102a.png
train_64x128_H96/pos/crop001102b.png
train_64x128_H96/pos/crop001102c.png
train_64x128_H96/pos/crop001102d.png
train_64x128_H96/pos/crop001102e.png
train_64x128_H96/pos/crop001102f.png
train_64x128_H96/pos/crop001102g.png
train_64x128_H96/pos/crop001102h.png
train_64x128_H96/pos/crop001102i.png
train_64x128_H96/pos/crop001102j.png
train_64x128_H96/pos/crop001102k.png
train_64x128_H96/pos/crop001102l.png
train_64x128_H96/pos/crop001102m.png
train_64x128_H96/pos/crop001102n.png
train_64x128_H96/pos/crop001103a.png
train_64x128_H96/pos/crop001103b.png
train_64x128_H96/pos/crop001104a.png
train_64x128_H96/pos/crop001104b.png
train_64x128_H96/pos/crop001104c.png
train_64x128_H96/pos/crop001104d.png
train_64x128_H96/pos/crop001104e.png
train_64x128_H96/pos/crop001104f.png
train_64x128_H96/pos/crop001105a.png
train_64x128_H96/pos/crop001105b.png
train_64x128_H96/pos/crop001106a.png
train_64x128_H96/pos/crop001106b.png
train_64x128_H96/pos/crop001107a.png
train_64x128_H96/pos/crop001107b.png
train_64x128_H96/pos/crop001107c.png
train_64x128_H96/pos/crop001107d.png
train_64x128_H96/pos/crop001107e.png
train_64x128_H96/pos/crop001107f.png
train_64x128_H96/pos/crop001108a.png
train_64x128_H96/pos/crop001108b.png
train_64x128_H96/pos/crop001109a.png
train_64x128_H96/pos/crop001109b.png
train_64x128_H96/pos/crop001110a.png
train_64x128_H96/pos/crop001110b.png
train_64x128_H96/pos/crop001110c.png
train_64x128_H96/pos/crop001110d.png
train_64x128_H96/pos/crop001111a.png
train_64x128_H96/pos/crop001111b.png
train_64x128_H96/pos/crop001112a.png
train_64x128_H96/pos/crop001112b.png
train_64x128_H96/pos/crop001112c.png
train_64x128_H96/pos/crop001112d.png
train_64x128_H96/pos/crop001113a.png
train_64x128_H96/pos/crop001113b.png
train_64x128_H96/pos/crop001113c.png
train_64x128_H96/pos/crop001113d.png
train_64x128_H96/pos/crop001113e.png
train_64x128_H96/pos/crop001113f.png
train_64x128_H96/pos/crop001114a.png
train_64x128_H96/pos/crop001114b.png
train_64x128_H96/pos/crop001114c.png
train_64x128_H96/pos/crop001114d.png
train_64x128_H96/pos/crop001114e.png
train_64x128_H96/pos/crop001114f.png
train_64x128_H96/pos/crop001115a.png
train_64x128_H96/pos/crop001115b.png
train_64x128_H96/pos/crop001115c.png
train_64x128_H96/pos/crop001115d.png
train_64x128_H96/pos/crop001116a.png
train_64x128_H96/pos/crop001116b.png
train_64x128_H96/pos/crop001116c.png
train_64x128_H96/pos/crop001116d.png
train_64x128_H96/pos/crop001119a.png
train_64x128_H96/pos/crop001119b.png
train_64x128_H96/pos/crop001120a.png
train_64x128_H96/pos/crop001120b.png
train_64x128_H96/pos/crop001120c.png
train_64x128_H96/pos/crop001120d.png
train_64x128_H96/pos/crop001120e.png
train_64x128_H96/pos/crop001120f.png
train_64x128_H96/pos/crop001120g.png
train_64x128_H96/pos/crop001120h.png
train_64x128_H96/pos/crop001121a.png
train_64x128_H96/pos/crop001121b.png
train_64x128_H96/pos/crop001121c.png
train_64x128_H96/pos/crop001121d.png
train_64x128_H96/pos/crop001121e.png
train_64x128_H96/pos/crop001121f.png
train_64x128_H96/pos/crop001122a.png
train_64x128_H96/pos/crop001122b.png
train_64x128_H96/pos/crop001122c.png
train_64x128_H96/pos/crop001122d.png
train_64x128_H96/pos/crop001123a.png
train_64x128_H96/pos/crop001123b.png
train_64x128_H96/pos/crop001123c.png
train_64x128_H96/pos/crop001123d.png
train_64x128_H96/pos/crop001124a.png
train_64x128_H96/pos/crop001124b.png
train_64x128_H96/pos/crop001124c.png
train_64x128_H96/pos/crop001124d.png
train_64x128_H96/pos/crop001125a.png
train_64x128_H96/pos/crop001125b.png
train_64x128_H96/pos/crop001125c.png
train_64x128_H96/pos/crop001125d.png
train_64x128_H96/pos/crop001126a.png
train_64x128_H96/pos/crop001126b.png
train_64x128_H96/pos/crop001126c.png
train_64x128_H96/pos/crop001126d.png
train_64x128_H96/pos/crop001126e.png
train_64x128_H96/pos/crop001126f.png
train_64x128_H96/pos/crop001126g.png
train_64x128_H96/pos/crop001126h.png
train_64x128_H96/pos/crop001126i.png
train_64x128_H96/pos/crop001126j.png
train_64x128_H96/pos/crop001126k.png
train_64x128_H96/pos/crop001126l.png
train_64x128_H96/pos/crop001127a.png
train_64x128_H96/pos/crop001127b.png
train_64x128_H96/pos/crop001127c.png
train_64x128_H96/pos/crop001127d.png
train_64x128_H96/pos/crop001127e.png
train_64x128_H96/pos/crop001127f.png
train_64x128_H96/pos/crop001128a.png
train_64x128_H96/pos/crop001128b.png
train_64x128_H96/pos/crop001129a.png
train_64x128_H96/pos/crop001129b.png
train_64x128_H96/pos/crop001130a.png
train_64x128_H96/pos/crop001130b.png
train_64x128_H96/pos/crop001131a.png
train_64x128_H96/pos/crop001131b.png
train_64x128_H96/pos/crop001132a.png
train_64x128_H96/pos/crop001132b.png
train_64x128_H96/pos/crop001133a.png
train_64x128_H96/pos/crop001133b.png
train_64x128_H96/pos/crop001134a.png
train_64x128_H96/pos/crop001134b.png
train_64x128_H96/pos/crop001135a.png
train_64x128_H96/pos/crop001135b.png
train_64x128_H96/pos/crop001136a.png
train_64x128_H96/pos/crop001136b.png
train_64x128_H96/pos/crop001136c.png
train_64x128_H96/pos/crop001136d.png
train_64x128_H96/pos/crop001136e.png
train_64x128_H96/pos/crop001136f.png
train_64x128_H96/pos/crop001136g.png
train_64x128_H96/pos/crop001136h.png
train_64x128_H96/pos/crop001137a.png
train_64x128_H96/pos/crop001137b.png
train_64x128_H96/pos/crop001138a.png
train_64x128_H96/pos/crop001138b.png
train_64x128_H96/pos/crop001138c.png
train_64x128_H96/pos/crop001138d.png
train_64x128_H96/pos/crop001140a.png
train_64x128_H96/pos/crop001140b.png
train_64x128_H96/pos/crop001141a.png
train_64x128_H96/pos/crop001141b.png
train_64x128_H96/pos/crop001141c.png
train_64x128_H96/pos/crop001141d.png
train_64x128_H96/pos/crop001141e.png
train_64x128_H96/pos/crop001141f.png
train_64x128_H96/pos/crop001141g.png
train_64x128_H96/pos/crop001141h.png
train_64x128_H96/pos/crop001142a.png
train_64x128_H96/pos/crop001142b.png
train_64x128_H96/pos/crop001143a.png
train_64x128_H96/pos/crop001143b.png
train_64x128_H96/pos/crop001143c.png
train_64x128_H96/pos/crop001143d.png
train_64x128_H96/pos/crop001143e.png
train_64x128_H96/pos/crop001143f.png
train_64x128_H96/pos/crop001143g.png
train_64x128_H96/pos/crop001143h.png
train_64x128_H96/pos/crop001143i.png
train_64x128_H96/pos/crop001143j.png
train_64x128_H96/pos/crop001144a.png
train_64x128_H96/pos/crop001144b.png
train_64x128_H96/pos/crop001144c.png
train_64x128_H96/pos/crop001144d.png
train_64x128_H96/pos/crop001144e.png
train_64x128_H96/pos/crop001144f.png
train_64x128_H96/pos/crop001144g.png
train_64x128_H96/pos/crop001144h.png
train_64x128_H96/pos/crop001144i.png
train_64x128_H96/pos/crop001144j.png
train_64x128_H96/pos/crop001145a.png
train_64x128_H96/pos/crop001145b.png
train_64x128_H96/pos/crop001145c.png
train_64x128_H96/pos/crop001145d.png
train_64x128_H96/pos/crop001146a.png
train_64x128_H96/pos/crop001146b.png
train_64x128_H96/pos/crop001147a.png
train_64x128_H96/pos/crop001147b.png
train_64x128_H96/pos/crop001148a.png
train_64x128_H96/pos/crop001148b.png
train_64x128_H96/pos/crop001149a.png
train_64x128_H96/pos/crop001149b.png
train_64x128_H96/pos/crop001149c.png
train_64x128_H96/pos/crop001149d.png
train_64x128_H96/pos/crop001150a.png
train_64x128_H96/pos/crop001150b.png
train_64x128_H96/pos/crop001151a.png
train_64x128_H96/pos/crop001151b.png
train_64x128_H96/pos/crop001152a.png
train_64x128_H96/pos/crop001152b.png
train_64x128_H96/pos/crop001153a.png
train_64x128_H96/pos/crop001153b.png
train_64x128_H96/pos/crop001154a.png
train_64x128_H96/pos/crop001154b.png
train_64x128_H96/pos/crop001155a.png
train_64x128_H96/pos/crop001155b.png
train_64x128_H96/pos/crop001156a.png
train_64x128_H96/pos/crop001156b.png
train_64x128_H96/pos/crop001158a.png
train_64x128_H96/pos/crop001158b.png
train_64x128_H96/pos/crop001158c.png
train_64x128_H96/pos/crop001158d.png
train_64x128_H96/pos/crop001160a.png
train_64x128_H96/pos/crop001160b.png
train_64x128_H96/pos/crop001162a.png
train_64x128_H96/pos/crop001162b.png
train_64x128_H96/pos/crop001162c.png
train_64x128_H96/pos/crop001162d.png
train_64x128_H96/pos/crop001162e.png
train_64x128_H96/pos/crop001162f.png
train_64x128_H96/pos/crop001163a.png
train_64x128_H96/pos/crop001163b.png
train_64x128_H96/pos/crop001164a.png
train_64x128_H96/pos/crop001164b.png
train_64x128_H96/pos/crop001164c.png
train_64x128_H96/pos/crop001164d.png
train_64x128_H96/pos/crop001164e.png
train_64x128_H96/pos/crop001164f.png
train_64x128_H96/pos/crop001164g.png
train_64x128_H96/pos/crop001164h.png
train_64x128_H96/pos/crop001164i.png
train_64x128_H96/pos/crop001164j.png
train_64x128_H96/pos/crop001164k.png
train_64x128_H96/pos/crop001164l.png
train_64x128_H96/pos/crop001164m.png
train_64x128_H96/pos/crop001164n.png
train_64x128_H96/pos/crop001164o.png
train_64x128_H96/pos/crop001164p.png
train_64x128_H96/pos/crop001200a.png
train_64x128_H96/pos/crop001200b.png
train_64x128_H96/pos/crop001201a.png
train_64x128_H96/pos/crop001201b.png
train_64x128_H96/pos/crop001202a.png
train_64x128_H96/pos/crop001202b.png
train_64x128_H96/pos/crop001205a.png
train_64x128_H96/pos/crop001205b.png
train_64x128_H96/pos/crop001205c.png
train_64x128_H96/pos/crop001205d.png
train_64x128_H96/pos/crop001206a.png
train_64x128_H96/pos/crop001206b.png
train_64x128_H96/pos/crop001207a.png
train_64x128_H96/pos/crop001207b.png
train_64x128_H96/pos/crop001208a.png
train_64x128_H96/pos/crop001208b.png
train_64x128_H96/pos/crop001208c.png
train_64x128_H96/pos/crop001208d.png
train_64x128_H96/pos/crop001208e.png
train_64x128_H96/pos/crop001208f.png
train_64x128_H96/pos/crop001210a.png
train_64x128_H96/pos/crop001210b.png
train_64x128_H96/pos/crop001211a.png
train_64x128_H96/pos/crop001211b.png
train_64x128_H96/pos/crop001212a.png
train_64x128_H96/pos/crop001212b.png
train_64x128_H96/pos/crop001213a.png
train_64x128_H96/pos/crop001213b.png
train_64x128_H96/pos/crop001214a.png
train_64x128_H96/pos/crop001214b.png
train_64x128_H96/pos/crop001216a.png
train_64x128_H96/pos/crop001216b.png
train_64x128_H96/pos/crop001217a.png
train_64x128_H96/pos/crop001217b.png
train_64x128_H96/pos/crop001217c.png
train_64x128_H96/pos/crop001217d.png
train_64x128_H96/pos/crop001217e.png
train_64x128_H96/pos/crop001217f.png
train_64x128_H96/pos/crop001218a.png
train_64x128_H96/pos/crop001218b.png
train_64x128_H96/pos/crop001219a.png
train_64x128_H96/pos/crop001219b.png
train_64x128_H96/pos/crop001220a.png
train_64x128_H96/pos/crop001220b.png
train_64x128_H96/pos/crop001222a.png
train_64x128_H96/pos/crop001222b.png
train_64x128_H96/pos/crop001222c.png
train_64x128_H96/pos/crop001222d.png
train_64x128_H96/pos/crop001230a.png
train_64x128_H96/pos/crop001230b.png
train_64x128_H96/pos/crop001231a.png
train_64x128_H96/pos/crop001231b.png
train_64x128_H96/pos/crop001232a.png
train_64x128_H96/pos/crop001232b.png
train_64x128_H96/pos/crop001234a.png
train_64x128_H96/pos/crop001234b.png
train_64x128_H96/pos/crop001235a.png
train_64x128_H96/pos/crop001235b.png
train_64x128_H96/pos/crop001236a.png
train_64x128_H96/pos/crop001236b.png
train_64x128_H96/pos/crop001236c.png
train_64x128_H96/pos/crop001236d.png
train_64x128_H96/pos/crop001236e.png
train_64x128_H96/pos/crop001236f.png
train_64x128_H96/pos/crop001237a.png
train_64x128_H96/pos/crop001237b.png
train_64x128_H96/pos/crop001238a.png
train_64x128_H96/pos/crop001238b.png
train_64x128_H96/pos/crop001241a.png
train_64x128_H96/pos/crop001241b.png
train_64x128_H96/pos/crop001242a.png
train_64x128_H96/pos/crop001242b.png
train_64x128_H96/pos/crop001246a.png
train_64x128_H96/pos/crop001246b.png
train_64x128_H96/pos/crop001247a.png
train_64x128_H96/pos/crop001247b.png
train_64x128_H96/pos/crop001248a.png
train_64x128_H96/pos/crop001248b.png
train_64x128_H96/pos/crop001250a.png
train_64x128_H96/pos/crop001250b.png
train_64x128_H96/pos/crop001251a.png
train_64x128_H96/pos/crop001251b.png
train_64x128_H96/pos/crop001252a.png
train_64x128_H96/pos/crop001252b.png
train_64x128_H96/pos/crop001253a.png
train_64x128_H96/pos/crop001253b.png
train_64x128_H96/pos/crop001254a.png
train_64x128_H96/pos/crop001254b.png
train_64x128_H96/pos/crop001255a.png
train_64x128_H96/pos/crop001255b.png
train_64x128_H96/pos/crop001256a.png
train_64x128_H96/pos/crop001256b.png
train_64x128_H96/pos/crop001257a.png
train_64x128_H96/pos/crop001257b.png
train_64x128_H96/pos/crop001258a.png
train_64x128_H96/pos/crop001258b.png
train_64x128_H96/pos/crop001259a.png
train_64x128_H96/pos/crop001259b.png
train_64x128_H96/pos/crop001260a.png
train_64x128_H96/pos/crop001260b.png
train_64x128_H96/pos/crop001260c.png
train_64x128_H96/pos/crop001260d.png
train_64x128_H96/pos/crop001263a.png
train_64x128_H96/pos/crop001263b.png
train_64x128_H96/pos/crop001263c.png
train_64x128_H96/pos/crop001263d.png
train_64x128_H96/pos/crop001264a.png
train_64x128_H96/pos/crop001264b.png
train_64x128_H96/pos/crop001264c.png
train_64x128_H96/pos/crop001264d.png
train_64x128_H96/pos/crop001265a.png
train_64x128_H96/pos/crop001265b.png
train_64x128_H96/pos/crop001265c.png
train_64x128_H96/pos/crop001265d.png
train_64x128_H96/pos/crop001265e.png
train_64x128_H96/pos/crop001265f.png
train_64x128_H96/pos/crop001265g.png
train_64x128_H96/pos/crop001265h.png
train_64x128_H96/pos/crop001267a.png
train_64x128_H96/pos/crop001267b.png
train_64x128_H96/pos/crop001267c.png
train_64x128_H96/pos/crop001267d.png
train_64x128_H96/pos/crop001267e.png
train_64x128_H96/pos/crop001267f.png
train_64x128_H96/pos/crop001267g.png
train_64x128_H96/pos/crop001267h.png
train_64x128_H96/pos/crop001267i.png
train_64x128_H96/pos/crop001267j.png
train_64x128_H96/pos/crop001268a.png
train_64x128_H96/pos/crop001268b.png
train_64x128_H96/pos/crop001268c.png
train_64x128_H96/pos/crop001268d.png
train_64x128_H96/pos/crop001268e.png
train_64x128_H96/pos/crop001268f.png
train_64x128_H96/pos/crop001268g.png
train_64x128_H96/pos/crop001268h.png
train_64x128_H96/pos/crop001268i.png
train_64x128_H96/pos/crop001268j.png
train_64x128_H96/pos/crop001270a.png
train_64x128_H96/pos/crop001270b.png
train_64x128_H96/pos/crop001270c.png
train_64x128_H96/pos/crop001270d.png
train_64x128_H96/pos/crop001271a.png
train_64x128_H96/pos/crop001271b.png
train_64x128_H96/pos/crop001271c.png
train_64x128_H96/pos/crop001271d.png
train_64x128_H96/pos/crop001272a.png
train_64x128_H96/pos/crop001272b.png
train_64x128_H96/pos/crop001273a.png
train_64x128_H96/pos/crop001273b.png
train_64x128_H96/pos/crop001273c.png
train_64x128_H96/pos/crop001273d.png
train_64x128_H96/pos/crop001274a.png
train_64x128_H96/pos/crop001274b.png
train_64x128_H96/pos/crop001275a.png
train_64x128_H96/pos/crop001275b.png
train_64x128_H96/pos/crop001276a.png
train_64x128_H96/pos/crop001276b.png
train_64x128_H96/pos/crop001278a.png
train_64x128_H96/pos/crop001278b.png
train_64x128_H96/pos/crop001500a.png
train_64x128_H96/pos/crop001500b.png
train_64x128_H96/pos/crop001503a.png
train_64x128_H96/pos/crop001503b.png
train_64x128_H96/pos/crop001505a.png
train_64x128_H96/pos/crop001505b.png
train_64x128_H96/pos/crop001505c.png
train_64x128_H96/pos/crop001505d.png
train_64x128_H96/pos/crop001505e.png
train_64x128_H96/pos/crop001505f.png
train_64x128_H96/pos/crop001505g.png
train_64x128_H96/pos/crop001505h.png
train_64x128_H96/pos/crop001505i.png
train_64x128_H96/pos/crop001505j.png
train_64x128_H96/pos/crop001506a.png
train_64x128_H96/pos/crop001506b.png
train_64x128_H96/pos/crop001507a.png
train_64x128_H96/pos/crop001507b.png
train_64x128_H96/pos/crop001507c.png
train_64x128_H96/pos/crop001507d.png
train_64x128_H96/pos/crop001507e.png
train_64x128_H96/pos/crop001507f.png
train_64x128_H96/pos/crop001508a.png
train_64x128_H96/pos/crop001508b.png
train_64x128_H96/pos/crop001508c.png
train_64x128_H96/pos/crop001508d.png
train_64x128_H96/pos/crop001509a.png
train_64x128_H96/pos/crop001509b.png
train_64x128_H96/pos/crop001510a.png
train_64x128_H96/pos/crop001510b.png
train_64x128_H96/pos/crop001513a.png
train_64x128_H96/pos/crop001513b.png
train_64x128_H96/pos/crop001513c.png
train_64x128_H96/pos/crop001513d.png
train_64x128_H96/pos/crop001515a.png
train_64x128_H96/pos/crop001515b.png
train_64x128_H96/pos/crop001515c.png
train_64x128_H96/pos/crop001515d.png
train_64x128_H96/pos/crop001516a.png
train_64x128_H96/pos/crop001516b.png
train_64x128_H96/pos/crop001517a.png
train_64x128_H96/pos/crop001517b.png
train_64x128_H96/pos/crop001517c.png
train_64x128_H96/pos/crop001517d.png
train_64x128_H96/pos/crop001518a.png
train_64x128_H96/pos/crop001518b.png
train_64x128_H96/pos/crop001519a.png
train_64x128_H96/pos/crop001519b.png
train_64x128_H96/pos/crop001523a.png
train_64x128_H96/pos/crop001523b.png
train_64x128_H96/pos/crop001524a.png
train_64x128_H96/pos/crop001524b.png
train_64x128_H96/pos/crop001525a.png
train_64x128_H96/pos/crop001525b.png
train_64x128_H96/pos/crop001525c.png
train_64x128_H96/pos/crop001525d.png
train_64x128_H96/pos/crop001525e.png
train_64x128_H96/pos/crop001525f.png
train_64x128_H96/pos/crop001526a.png
train_64x128_H96/pos/crop001526b.png
train_64x128_H96/pos/crop001526c.png
train_64x128_H96/pos/crop001526d.png
train_64x128_H96/pos/crop001526e.png
train_64x128_H96/pos/crop001526f.png
train_64x128_H96/pos/crop001527a.png
train_64x128_H96/pos/crop001527b.png
train_64x128_H96/pos/crop001527c.png
train_64x128_H96/pos/crop001527d.png
train_64x128_H96/pos/crop001527e.png
train_64x128_H96/pos/crop001527f.png
train_64x128_H96/pos/crop001527g.png
train_64x128_H96/pos/crop001527h.png
train_64x128_H96/pos/crop001528a.png
train_64x128_H96/pos/crop001528b.png
train_64x128_H96/pos/crop001529a.png
train_64x128_H96/pos/crop001529b.png
train_64x128_H96/pos/crop001529c.png
train_64x128_H96/pos/crop001529d.png
train_64x128_H96/pos/crop001529e.png
train_64x128_H96/pos/crop001529f.png
train_64x128_H96/pos/crop001530a.png
train_64x128_H96/pos/crop001530b.png
train_64x128_H96/pos/crop001532a.png
train_64x128_H96/pos/crop001532b.png
train_64x128_H96/pos/crop001532c.png
train_64x128_H96/pos/crop001532d.png
train_64x128_H96/pos/crop001534a.png
train_64x128_H96/pos/crop001534b.png
train_64x128_H96/pos/crop001534c.png
train_64x128_H96/pos/crop001534d.png
train_64x128_H96/pos/crop001534e.png
train_64x128_H96/pos/crop001534f.png
train_64x128_H96/pos/crop001536a.png
train_64x128_H96/pos/crop001536b.png
train_64x128_H96/pos/crop001536c.png
train_64x128_H96/pos/crop001536d.png
train_64x128_H96/pos/crop001536e.png
train_64x128_H96/pos/crop001536f.png
train_64x128_H96/pos/crop001536g.png
train_64x128_H96/pos/crop001536h.png
train_64x128_H96/pos/crop001537a.png
train_64x128_H96/pos/crop001537b.png
train_64x128_H96/pos/crop001538a.png
train_64x128_H96/pos/crop001538b.png
train_64x128_H96/pos/crop001538c.png
train_64x128_H96/pos/crop001538d.png
train_64x128_H96/pos/crop001539a.png
train_64x128_H96/pos/crop001539b.png
train_64x128_H96/pos/crop001540a.png
train_64x128_H96/pos/crop001540b.png
train_64x128_H96/pos/crop001540c.png
train_64x128_H96/pos/crop001540d.png
train_64x128_H96/pos/crop001541a.png
train_64x128_H96/pos/crop001541b.png
train_64x128_H96/pos/crop001541c.png
train_64x128_H96/pos/crop001541d.png
train_64x128_H96/pos/crop001542a.png
train_64x128_H96/pos/crop001542b.png
train_64x128_H96/pos/crop001550a.png
train_64x128_H96/pos/crop001550b.png
train_64x128_H96/pos/crop001550c.png
train_64x128_H96/pos/crop001550d.png
train_64x128_H96/pos/crop001551a.png
train_64x128_H96/pos/crop001551b.png
train_64x128_H96/pos/crop001551c.png
train_64x128_H96/pos/crop001551d.png
train_64x128_H96/pos/crop001552a.png
train_64x128_H96/pos/crop001552b.png
train_64x128_H96/pos/crop001552c.png
train_64x128_H96/pos/crop001552d.png
train_64x128_H96/pos/crop001552e.png
train_64x128_H96/pos/crop001552f.png
train_64x128_H96/pos/crop001552g.png
train_64x128_H96/pos/crop001552h.png
train_64x128_H96/pos/crop001553a.png
train_64x128_H96/pos/crop001553b.png
train_64x128_H96/pos/crop001554a.png
train_64x128_H96/pos/crop001554b.png
train_64x128_H96/pos/crop001556a.png
train_64x128_H96/pos/crop001556b.png
train_64x128_H96/pos/crop001557a.png
train_64x128_H96/pos/crop001557b.png
train_64x128_H96/pos/crop001558a.png
train_64x128_H96/pos/crop001558b.png
train_64x128_H96/pos/crop001558c.png
train_64x128_H96/pos/crop001558d.png
train_64x128_H96/pos/crop001559a.png
train_64x128_H96/pos/crop001559b.png
train_64x128_H96/pos/crop001559c.png
train_64x128_H96/pos/crop001559d.png
train_64x128_H96/pos/crop001559e.png
train_64x128_H96/pos/crop001559f.png
train_64x128_H96/pos/crop001559g.png
train_64x128_H96/pos/crop001559h.png
train_64x128_H96/pos/crop001559i.png
train_64x128_H96/pos/crop001559j.png
train_64x128_H96/pos/crop001559k.png
train_64x128_H96/pos/crop001559l.png
train_64x128_H96/pos/crop001560a.png
train_64x128_H96/pos/crop001560b.png
train_64x128_H96/pos/crop001560c.png
train_64x128_H96/pos/crop001560d.png
train_64x128_H96/pos/crop001560e.png
train_64x128_H96/pos/crop001560f.png
train_64x128_H96/pos/crop001560g.png
train_64x128_H96/pos/crop001560h.png
train_64x128_H96/pos/crop001560i.png
train_64x128_H96/pos/crop001560j.png
train_64x128_H96/pos/crop001561a.png
train_64x128_H96/pos/crop001561b.png
train_64x128_H96/pos/crop001561c.png
train_64x128_H96/pos/crop001561d.png
train_64x128_H96/pos/crop001562a.png
train_64x128_H96/pos/crop001562b.png
train_64x128_H96/pos/crop001563a.png
train_64x128_H96/pos/crop001563b.png
train_64x128_H96/pos/crop001563c.png
train_64x128_H96/pos/crop001563d.png
train_64x128_H96/pos/crop001563e.png
train_64x128_H96/pos/crop001563f.png
train_64x128_H96/pos/crop001563g.png
train_64x128_H96/pos/crop001563h.png
train_64x128_H96/pos/crop001564a.png
train_64x128_H96/pos/crop001564b.png
train_64x128_H96/pos/crop001564c.png
train_64x128_H96/pos/crop001564d.png
train_64x128_H96/pos/crop001565a.png
train_64x128_H96/pos/crop001565b.png
train_64x128_H96/pos/crop001567a.png
train_64x128_H96/pos/crop001567b.png
train_64x128_H96/pos/crop001568a.png
train_64x128_H96/pos/crop001568b.png
train_64x128_H96/pos/crop001569a.png
train_64x128_H96/pos/crop001569b.png
train_64x128_H96/pos/crop001569c.png
train_64x128_H96/pos/crop001569d.png
train_64x128_H96/pos/crop001569e.png
train_64x128_H96/pos/crop001569f.png
train_64x128_H96/pos/crop001569g.png
train_64x128_H96/pos/crop001569h.png
train_64x128_H96/pos/crop001570a.png
train_64x128_H96/pos/crop001570b.png
train_64x128_H96/pos/crop001570c.png
train_64x128_H96/pos/crop001570d.png
train_64x128_H96/pos/crop001571a.png
train_64x128_H96/pos/crop001571b.png
train_64x128_H96/pos/crop001571c.png
train_64x128_H96/pos/crop001571d.png
train_64x128_H96/pos/crop001571e.png
train_64x128_H96/pos/crop001571f.png
train_64x128_H96/pos/crop001571g.png
train_64x128_H96/pos/crop001571h.png
train_64x128_H96/pos/crop001571i.png
train_64x128_H96/pos/crop001571j.png
train_64x128_H96/pos/crop001572a.png
train_64x128_H96/pos/crop001572b.png
train_64x128_H96/pos/crop001577a.png
train_64x128_H96/pos/crop001577b.png
train_64x128_H96/pos/crop001578a.png
train_64x128_H96/pos/crop001578b.png
train_64x128_H96/pos/crop001579a.png
train_64x128_H96/pos/crop001579b.png
train_64x128_H96/pos/crop001580a.png
train_64x128_H96/pos/crop001580b.png
train_64x128_H96/pos/crop001581a.png
train_64x128_H96/pos/crop001581b.png
train_64x128_H96/pos/crop001582a.png
train_64x128_H96/pos/crop001582b.png
train_64x128_H96/pos/crop001583a.png
train_64x128_H96/pos/crop001583b.png
train_64x128_H96/pos/crop001583c.png
train_64x128_H96/pos/crop001583d.png
train_64x128_H96/pos/crop001584a.png
train_64x128_H96/pos/crop001584b.png
train_64x128_H96/pos/crop001584c.png
train_64x128_H96/pos/crop001584d.png
train_64x128_H96/pos/crop001589a.png
train_64x128_H96/pos/crop001589b.png
train_64x128_H96/pos/crop001591a.png
train_64x128_H96/pos/crop001591b.png
train_64x128_H96/pos/crop001591c.png
train_64x128_H96/pos/crop001591d.png
train_64x128_H96/pos/crop001592a.png
train_64x128_H96/pos/crop001592b.png
train_64x128_H96/pos/crop001592c.png
train_64x128_H96/pos/crop001592d.png
train_64x128_H96/pos/crop001592e.png
train_64x128_H96/pos/crop001592f.png
train_64x128_H96/pos/crop001594a.png
train_64x128_H96/pos/crop001594b.png
train_64x128_H96/pos/crop001594c.png
train_64x128_H96/pos/crop001594d.png
train_64x128_H96/pos/crop001594e.png
train_64x128_H96/pos/crop001594f.png
train_64x128_H96/pos/crop001594g.png
train_64x128_H96/pos/crop001594h.png
train_64x128_H96/pos/crop001594i.png
train_64x128_H96/pos/crop001594j.png
train_64x128_H96/pos/crop001595a.png
train_64x128_H96/pos/crop001595b.png
train_64x128_H96/pos/crop001596a.png
train_64x128_H96/pos/crop001596b.png
train_64x128_H96/pos/crop001596c.png
train_64x128_H96/pos/crop001596d.png
train_64x128_H96/pos/crop001596e.png
train_64x128_H96/pos/crop001596f.png
train_64x128_H96/pos/crop001597a.png
train_64x128_H96/pos/crop001597b.png
train_64x128_H96/pos/crop001598a.png
train_64x128_H96/pos/crop001598b.png
train_64x128_H96/pos/crop001599a.png
train_64x128_H96/pos/crop001599b.png
train_64x128_H96/pos/crop001599c.png
train_64x128_H96/pos/crop001599d.png
train_64x128_H96/pos/crop001600a.png
train_64x128_H96/pos/crop001600b.png
train_64x128_H96/pos/crop001601a.png
train_64x128_H96/pos/crop001601b.png
train_64x128_H96/pos/crop001603a.png
train_64x128_H96/pos/crop001603b.png
train_64x128_H96/pos/crop001605a.png
train_64x128_H96/pos/crop001605b.png
train_64x128_H96/pos/crop001606a.png
train_64x128_H96/pos/crop001606b.png
train_64x128_H96/pos/crop001608a.png
train_64x128_H96/pos/crop001608b.png
train_64x128_H96/pos/crop001609a.png
train_64x128_H96/pos/crop001609b.png
train_64x128_H96/pos/crop001609c.png
train_64x128_H96/pos/crop001609d.png
train_64x128_H96/pos/crop001610a.png
train_64x128_H96/pos/crop001610b.png
train_64x128_H96/pos/crop001611a.png
train_64x128_H96/pos/crop001611b.png
train_64x128_H96/pos/crop001611c.png
train_64x128_H96/pos/crop001611d.png
train_64x128_H96/pos/crop001612a.png
train_64x128_H96/pos/crop001612b.png
train_64x128_H96/pos/crop001612c.png
train_64x128_H96/pos/crop001612d.png
train_64x128_H96/pos/crop001612e.png
train_64x128_H96/pos/crop001612f.png
train_64x128_H96/pos/crop001612g.png
train_64x128_H96/pos/crop001612h.png
train_64x128_H96/pos/crop001613a.png
train_64x128_H96/pos/crop001613b.png
train_64x128_H96/pos/crop001614a.png
train_64x128_H96/pos/crop001614b.png
train_64x128_H96/pos/crop001614c.png
train_64x128_H96/pos/crop001614d.png
train_64x128_H96/pos/crop001614e.png
train_64x128_H96/pos/crop001614f.png
train_64x128_H96/pos/crop001614g.png
train_64x128_H96/pos/crop001614h.png
train_64x128_H96/pos/crop001614i.png
train_64x128_H96/pos/crop001614j.png
train_64x128_H96/pos/crop001614k.png
train_64x128_H96/pos/crop001614l.png
train_64x128_H96/pos/crop001615a.png
train_64x128_H96/pos/crop001615b.png
train_64x128_H96/pos/crop001616a.png
train_64x128_H96/pos/crop001616b.png
train_64x128_H96/pos/crop001616c.png
train_64x128_H96/pos/crop001616d.png
train_64x128_H96/pos/crop001616e.png
train_64x128_H96/pos/crop001616f.png
train_64x128_H96/pos/crop001616g.png
train_64x128_H96/pos/crop001616h.png
train_64x128_H96/pos/crop001616i.png
train_64x128_H96/pos/crop001616j.png
train_64x128_H96/pos/crop001616k.png
train_64x128_H96/pos/crop001616l.png
train_64x128_H96/pos/crop001616m.png
train_64x128_H96/pos/crop001616n.png
train_64x128_H96/pos/crop001616o.png
train_64x128_H96/pos/crop001616p.png
train_64x128_H96/pos/crop001616q.png
train_64x128_H96/pos/crop001616r.png
train_64x128_H96/pos/crop001616s.png
train_64x128_H96/pos/crop001616t.png
train_64x128_H96/pos/crop001616u.png
train_64x128_H96/pos/crop001616v.png
train_64x128_H96/pos/crop001616w.png
train_64x128_H96/pos/crop001616x.png
train_64x128_H96/pos/crop001617a.png
train_64x128_H96/pos/crop001617b.png
train_64x128_H96/pos/crop001618a.png
train_64x128_H96/pos/crop001618b.png
train_64x128_H96/pos/crop001619a.png
train_64x128_H96/pos/crop001619b.png
train_64x128_H96/pos/crop001619c.png
train_64x128_H96/pos/crop001619d.png
train_64x128_H96/pos/crop001619e.png
train_64x128_H96/pos/crop001619f.png
train_64x128_H96/pos/crop001619g.png
train_64x128_H96/pos/crop001619h.png
train_64x128_H96/pos/crop001620a.png
train_64x128_H96/pos/crop001620b.png
train_64x128_H96/pos/crop001620c.png
train_64x128_H96/pos/crop001620d.png
train_64x128_H96/pos/crop001620e.png
train_64x128_H96/pos/crop001620f.png
train_64x128_H96/pos/crop001620g.png
train_64x128_H96/pos/crop001620h.png
train_64x128_H96/pos/crop001620i.png
train_64x128_H96/pos/crop001620j.png
train_64x128_H96/pos/crop001620k.png
train_64x128_H96/pos/crop001620l.png
train_64x128_H96/pos/crop001620m.png
train_64x128_H96/pos/crop001620n.png
train_64x128_H96/pos/crop001620o.png
train_64x128_H96/pos/crop001620p.png
train_64x128_H96/pos/crop001621a.png
train_64x128_H96/pos/crop001621b.png
train_64x128_H96/pos/crop001621c.png
train_64x128_H96/pos/crop001621d.png
train_64x128_H96/pos/crop001622a.png
train_64x128_H96/pos/crop001622b.png
train_64x128_H96/pos/crop001622c.png
train_64x128_H96/pos/crop001622d.png
train_64x128_H96/pos/crop001623a.png
train_64x128_H96/pos/crop001623b.png
train_64x128_H96/pos/crop001623c.png
train_64x128_H96/pos/crop001623d.png
train_64x128_H96/pos/crop001623e.png
train_64x128_H96/pos/crop001623f.png
train_64x128_H96/pos/crop001624a.png
train_64x128_H96/pos/crop001624b.png
train_64x128_H96/pos/crop001624c.png
train_64x128_H96/pos/crop001624d.png
train_64x128_H96/pos/crop001625a.png
train_64x128_H96/pos/crop001625b.png
train_64x128_H96/pos/crop001626a.png
train_64x128_H96/pos/crop001626b.png
train_64x128_H96/pos/crop001626c.png
train_64x128_H96/pos/crop001626d.png
train_64x128_H96/pos/crop001627a.png
train_64x128_H96/pos/crop001627b.png
train_64x128_H96/pos/crop001628a.png
train_64x128_H96/pos/crop001628b.png
train_64x128_H96/pos/crop001629a.png
train_64x128_H96/pos/crop001629b.png
train_64x128_H96/pos/crop001629c.png
train_64x128_H96/pos/crop001629d.png
train_64x128_H96/pos/crop001629e.png
train_64x128_H96/pos/crop001629f.png
train_64x128_H96/pos/crop001630a.png
train_64x128_H96/pos/crop001630b.png
train_64x128_H96/pos/crop001632a.png
train_64x128_H96/pos/crop001632b.png
train_64x128_H96/pos/crop001635a.png
train_64x128_H96/pos/crop001635b.png
train_64x128_H96/pos/crop001635c.png
train_64x128_H96/pos/crop001635d.png
train_64x128_H96/pos/crop001635e.png
train_64x128_H96/pos/crop001635f.png
train_64x128_H96/pos/crop001635g.png
train_64x128_H96/pos/crop001635h.png
train_64x128_H96/pos/crop001635i.png
train_64x128_H96/pos/crop001635j.png
train_64x128_H96/pos/crop001636a.png
train_64x128_H96/pos/crop001636b.png
train_64x128_H96/pos/crop001637a.png
train_64x128_H96/pos/crop001637b.png
train_64x128_H96/pos/crop001637c.png
train_64x128_H96/pos/crop001637d.png
train_64x128_H96/pos/crop001637e.png
train_64x128_H96/pos/crop001637f.png
train_64x128_H96/pos/crop001640a.png
train_64x128_H96/pos/crop001640b.png
train_64x128_H96/pos/crop001642a.png
train_64x128_H96/pos/crop001642b.png
train_64x128_H96/pos/crop001642c.png
train_64x128_H96/pos/crop001642d.png
train_64x128_H96/pos/crop001642e.png
train_64x128_H96/pos/crop001642f.png
train_64x128_H96/pos/crop001643a.png
train_64x128_H96/pos/crop001643b.png
train_64x128_H96/pos/crop001644a.png
train_64x128_H96/pos/crop001644b.png
train_64x128_H96/pos/crop001646a.png
train_64x128_H96/pos/crop001646b.png
train_64x128_H96/pos/crop001646c.png
train_64x128_H96/pos/crop001646d.png
train_64x128_H96/pos/crop001646e.png
train_64x128_H96/pos/crop001646f.png
train_64x128_H96/pos/crop001646g.png
train_64x128_H96/pos/crop001646h.png
train_64x128_H96/pos/crop001646i.png
train_64x128_H96/pos/crop001646j.png
train_64x128_H96/pos/crop001647a.png
train_64x128_H96/pos/crop001647b.png
train_64x128_H96/pos/crop001647c.png
train_64x128_H96/pos/crop001647d.png
train_64x128_H96/pos/crop001648a.png
train_64x128_H96/pos/crop001648b.png
train_64x128_H96/pos/crop001648c.png
train_64x128_H96/pos/crop001648d.png
train_64x128_H96/pos/crop001649a.png
train_64x128_H96/pos/crop001649b.png
train_64x128_H96/pos/crop001649c.png
train_64x128_H96/pos/crop001649d.png
train_64x128_H96/pos/crop001649e.png
train_64x128_H96/pos/crop001649f.png
train_64x128_H96/pos/crop001649g.png
train_64x128_H96/pos/crop001649h.png
train_64x128_H96/pos/crop001650a.png
train_64x128_H96/pos/crop001650b.png
train_64x128_H96/pos/crop001651a.png
train_64x128_H96/pos/crop001651b.png
train_64x128_H96/pos/crop001651c.png
train_64x128_H96/pos/crop001651d.png
train_64x128_H96/pos/crop001651e.png
train_64x128_H96/pos/crop001651f.png
train_64x128_H96/pos/crop001652a.png
train_64x128_H96/pos/crop001652b.png
train_64x128_H96/pos/crop001655a.png
train_64x128_H96/pos/crop001655b.png
train_64x128_H96/pos/crop001655c.png
train_64x128_H96/pos/crop001655d.png
train_64x128_H96/pos/crop001655e.png
train_64x128_H96/pos/crop001655f.png
train_64x128_H96/pos/crop001655g.png
train_64x128_H96/pos/crop001655h.png
train_64x128_H96/pos/crop001656a.png
train_64x128_H96/pos/crop001656b.png
train_64x128_H96/pos/crop001657a.png
train_64x128_H96/pos/crop001657b.png
train_64x128_H96/pos/crop001657c.png
train_64x128_H96/pos/crop001657d.png
train_64x128_H96/pos/crop001662a.png
train_64x128_H96/pos/crop001662b.png
train_64x128_H96/pos/crop001662c.png
train_64x128_H96/pos/crop001662d.png
train_64x128_H96/pos/crop001662e.png
train_64x128_H96/pos/crop001662f.png
train_64x128_H96/pos/crop001663a.png
train_64x128_H96/pos/crop001663b.png
train_64x128_H96/pos/crop001665a.png
train_64x128_H96/pos/crop001665b.png
train_64x128_H96/pos/crop001666a.png
train_64x128_H96/pos/crop001666b.png
train_64x128_H96/pos/crop001666c.png
train_64x128_H96/pos/crop001666d.png
train_64x128_H96/pos/crop001667a.png
train_64x128_H96/pos/crop001667b.png
train_64x128_H96/pos/crop001668a.png
train_64x128_H96/pos/crop001668b.png
train_64x128_H96/pos/crop001668c.png
train_64x128_H96/pos/crop001668d.png
train_64x128_H96/pos/crop001668g.png
train_64x128_H96/pos/crop001668h.png
train_64x128_H96/pos/crop001671a.png
train_64x128_H96/pos/crop001671b.png
train_64x128_H96/pos/crop001672a.png
train_64x128_H96/pos/crop001672b.png
train_64x128_H96/pos/crop001673a.png
train_64x128_H96/pos/crop001673b.png
train_64x128_H96/pos/crop001674a.png
train_64x128_H96/pos/crop001674b.png
train_64x128_H96/pos/crop001675a.png
train_64x128_H96/pos/crop001675b.png
train_64x128_H96/pos/crop001677a.png
train_64x128_H96/pos/crop001677b.png
train_64x128_H96/pos/crop001678a.png
train_64x128_H96/pos/crop001678b.png
train_64x128_H96/pos/crop001679a.png
train_64x128_H96/pos/crop001679b.png
train_64x128_H96/pos/crop001679c.png
train_64x128_H96/pos/crop001679d.png
train_64x128_H96/pos/crop001679e.png
train_64x128_H96/pos/crop001679f.png
train_64x128_H96/pos/crop001679g.png
train_64x128_H96/pos/crop001679h.png
train_64x128_H96/pos/crop001679i.png
train_64x128_H96/pos/crop001679j.png
train_64x128_H96/pos/crop001680a.png
train_64x128_H96/pos/crop001680b.png
train_64x128_H96/pos/crop001680c.png
train_64x128_H96/pos/crop001680d.png
train_64x128_H96/pos/crop001681a.png
train_64x128_H96/pos/crop001681b.png
train_64x128_H96/pos/crop001685a.png
train_64x128_H96/pos/crop001685b.png
train_64x128_H96/pos/crop001687a.png
train_64x128_H96/pos/crop001687b.png
train_64x128_H96/pos/crop001689a.png
train_64x128_H96/pos/crop001689b.png
train_64x128_H96/pos/crop001689c.png
train_64x128_H96/pos/crop001689d.png
train_64x128_H96/pos/crop001689e.png
train_64x128_H96/pos/crop001689f.png
train_64x128_H96/pos/crop001690a.png
train_64x128_H96/pos/crop001690b.png
train_64x128_H96/pos/crop001690c.png
train_64x128_H96/pos/crop001690d.png
train_64x128_H96/pos/crop001690e.png
train_64x128_H96/pos/crop001690f.png
train_64x128_H96/pos/crop001690g.png
train_64x128_H96/pos/crop001690h.png
train_64x128_H96/pos/crop001691a.png
train_64x128_H96/pos/crop001691b.png
train_64x128_H96/pos/crop001691c.png
train_64x128_H96/pos/crop001691d.png
train_64x128_H96/pos/crop001691e.png
train_64x128_H96/pos/crop001691f.png
train_64x128_H96/pos/crop001692a.png
train_64x128_H96/pos/crop001692b.png
train_64x128_H96/pos/crop001692c.png
train_64x128_H96/pos/crop001692d.png
train_64x128_H96/pos/crop001693a.png
train_64x128_H96/pos/crop001693b.png
train_64x128_H96/pos/crop001693c.png
train_64x128_H96/pos/crop001693d.png
train_64x128_H96/pos/crop001694a.png
train_64x128_H96/pos/crop001694b.png
train_64x128_H96/pos/crop001694c.png
train_64x128_H96/pos/crop001694d.png
train_64x128_H96/pos/crop001694e.png
train_64x128_H96/pos/crop001694f.png
train_64x128_H96/pos/crop001695a.png
train_64x128_H96/pos/crop001695b.png
train_64x128_H96/pos/crop001696a.png
train_64x128_H96/pos/crop001696b.png
train_64x128_H96/pos/crop001696c.png
train_64x128_H96/pos/crop001696d.png
train_64x128_H96/pos/crop001696e.png
train_64x128_H96/pos/crop001696f.png
train_64x128_H96/pos/crop001697a.png
train_64x128_H96/pos/crop001697b.png
train_64x128_H96/pos/crop001698a.png
train_64x128_H96/pos/crop001698b.png
train_64x128_H96/pos/crop001699a.png
train_64x128_H96/pos/crop001699b.png
train_64x128_H96/pos/crop001700a.png
train_64x128_H96/pos/crop001700b.png
train_64x128_H96/pos/crop001700c.png
train_64x128_H96/pos/crop001700d.png
train_64x128_H96/pos/crop001701a.png
train_64x128_H96/pos/crop001701b.png
train_64x128_H96/pos/crop001702a.png
train_64x128_H96/pos/crop001702b.png
train_64x128_H96/pos/crop001702c.png
train_64x128_H96/pos/crop001702d.png
train_64x128_H96/pos/crop001703a.png
train_64x128_H96/pos/crop001703b.png
train_64x128_H96/pos/crop001703c.png
train_64x128_H96/pos/crop001703d.png
train_64x128_H96/pos/crop001705a.png
train_64x128_H96/pos/crop001705b.png
train_64x128_H96/pos/crop001705c.png
train_64x128_H96/pos/crop001705d.png
train_64x128_H96/pos/crop001707a.png
train_64x128_H96/pos/crop001707b.png
train_64x128_H96/pos/crop001707c.png
train_64x128_H96/pos/crop001707d.png
train_64x128_H96/pos/crop001707e.png
train_64x128_H96/pos/crop001707f.png
train_64x128_H96/pos/crop001708a.png
train_64x128_H96/pos/crop001708b.png
train_64x128_H96/pos/crop001708c.png
train_64x128_H96/pos/crop001708d.png
train_64x128_H96/pos/crop001709a.png
train_64x128_H96/pos/crop001709b.png
train_64x128_H96/pos/crop001710a.png
train_64x128_H96/pos/crop001710b.png
train_64x128_H96/pos/crop001710c.png
train_64x128_H96/pos/crop001710d.png
train_64x128_H96/pos/crop001710e.png
train_64x128_H96/pos/crop001710f.png
train_64x128_H96/pos/crop001711a.png
train_64x128_H96/pos/crop001711b.png
train_64x128_H96/pos/crop001711c.png
train_64x128_H96/pos/crop001711d.png
train_64x128_H96/pos/crop001711e.png
train_64x128_H96/pos/crop001711f.png
train_64x128_H96/pos/crop001711g.png
train_64x128_H96/pos/crop001711h.png
train_64x128_H96/pos/crop001711i.png
train_64x128_H96/pos/crop001711j.png
train_64x128_H96/pos/crop001711k.png
train_64x128_H96/pos/crop001711l.png
train_64x128_H96/pos/crop001711m.png
train_64x128_H96/pos/crop001711n.png
train_64x128_H96/pos/crop001712a.png
train_64x128_H96/pos/crop001712b.png
train_64x128_H96/pos/crop001712c.png
train_64x128_H96/pos/crop001712d.png
train_64x128_H96/pos/crop001713a.png
train_64x128_H96/pos/crop001713b.png
train_64x128_H96/pos/crop001714a.png
train_64x128_H96/pos/crop001714b.png
train_64x128_H96/pos/crop001717a.png
train_64x128_H96/pos/crop001717b.png
train_64x128_H96/pos/crop001720a.png
train_64x128_H96/pos/crop001720b.png
train_64x128_H96/pos/crop001720c.png
train_64x128_H96/pos/crop001720d.png
train_64x128_H96/pos/crop001720e.png
train_64x128_H96/pos/crop001720f.png
train_64x128_H96/pos/crop001721a.png
train_64x128_H96/pos/crop001721b.png
train_64x128_H96/pos/crop001806a.png
train_64x128_H96/pos/crop001806b.png
train_64x128_H96/pos/crop001806c.png
train_64x128_H96/pos/crop001806d.png
train_64x128_H96/pos/crop001806e.png
train_64x128_H96/pos/crop001806f.png
train_64x128_H96/pos/crop001806g.png
train_64x128_H96/pos/crop001806h.png
train_64x128_H96/pos/crop001807a.png
train_64x128_H96/pos/crop001807b.png
train_64x128_H96/pos/crop001807c.png
train_64x128_H96/pos/crop001807d.png
train_64x128_H96/pos/crop001808a.png
train_64x128_H96/pos/crop001808b.png
train_64x128_H96/pos/crop001809a.png
train_64x128_H96/pos/crop001809b.png
train_64x128_H96/pos/crop001809c.png
train_64x128_H96/pos/crop001809d.png
train_64x128_H96/pos/crop001809e.png
train_64x128_H96/pos/crop001809f.png
train_64x128_H96/pos/crop001810a.png
train_64x128_H96/pos/crop001810b.png
train_64x128_H96/pos/crop001811a.png
train_64x128_H96/pos/crop001811b.png
train_64x128_H96/pos/crop001812a.png
train_64x128_H96/pos/crop001812b.png
train_64x128_H96/pos/crop001812c.png
train_64x128_H96/pos/crop001812d.png
train_64x128_H96/pos/crop001813a.png
train_64x128_H96/pos/crop001813b.png
train_64x128_H96/pos/crop001814a.png
train_64x128_H96/pos/crop001814b.png
train_64x128_H96/pos/crop001815a.png
train_64x128_H96/pos/crop001815b.png
train_64x128_H96/pos/crop001815c.png
train_64x128_H96/pos/crop001815d.png
train_64x128_H96/pos/crop001816a.png
train_64x128_H96/pos/crop001816b.png
train_64x128_H96/pos/crop001817a.png
train_64x128_H96/pos/crop001817b.png
train_64x128_H96/pos/crop001818a.png
train_64x128_H96/pos/crop001818b.png
train_64x128_H96/pos/crop001819a.png
train_64x128_H96/pos/crop001819b.png
train_64x128_H96/pos/crop001820a.png
train_64x128_H96/pos/crop001820b.png
train_64x128_H96/pos/crop001823a.png
train_64x128_H96/pos/crop001823b.png
train_64x128_H96/pos/crop001829a.png
train_64x128_H96/pos/crop001829b.png
train_64x128_H96/pos/crop001830a.png
train_64x128_H96/pos/crop001830b.png
train_64x128_H96/pos/crop001831a.png
train_64x128_H96/pos/crop001831b.png
train_64x128_H96/pos/crop001832a.png
train_64x128_H96/pos/crop001832b.png
train_64x128_H96/pos/crop001833a.png
train_64x128_H96/pos/crop001833b.png
train_64x128_H96/pos/crop001835a.png
train_64x128_H96/pos/crop001835b.png
train_64x128_H96/pos/crop001835c.png
train_64x128_H96/pos/crop001835d.png
train_64x128_H96/pos/crop001836a.png
train_64x128_H96/pos/crop001836b.png
train_64x128_H96/pos/crop001836c.png
train_64x128_H96/pos/crop001836d.png
train_64x128_H96/pos/crop001836e.png
train_64x128_H96/pos/crop001836f.png
train_64x128_H96/pos/crop001836g.png
train_64x128_H96/pos/crop001836h.png
train_64x128_H96/pos/crop001837a.png
train_64x128_H96/pos/crop001837b.png
train_64x128_H96/pos/crop001838a.png
train_64x128_H96/pos/crop001838b.png
train_64x128_H96/pos/crop001838c.png
train_64x128_H96/pos/crop001838d.png
train_64x128_H96/pos/crop001838e.png
train_64x128_H96/pos/crop001838f.png
train_64x128_H96/pos/crop001839a.png
train_64x128_H96/pos/crop001839b.png
train_64x128_H96/pos/crop001839c.png
train_64x128_H96/pos/crop001839d.png
train_64x128_H96/pos/crop001840a.png
train_64x128_H96/pos/crop001840b.png
train_64x128_H96/pos/crop001840c.png
train_64x128_H96/pos/crop001840d.png
train_64x128_H96/pos/crop001841a.png
train_64x128_H96/pos/crop001841b.png
train_64x128_H96/pos/crop001842a.png
train_64x128_H96/pos/crop001842b.png
train_64x128_H96/pos/crop001842c.png
train_64x128_H96/pos/crop001842d.png
train_64x128_H96/pos/crop001843a.png
train_64x128_H96/pos/crop001843b.png
train_64x128_H96/pos/person_044a.png
train_64x128_H96/pos/person_044b.png
train_64x128_H96/pos/person_044c.png
train_64x128_H96/pos/person_044d.png
train_64x128_H96/pos/person_050a.png
train_64x128_H96/pos/person_050b.png
train_64x128_H96/pos/person_060a.png
train_64x128_H96/pos/person_060b.png
train_64x128_H96/pos/person_061a.png
train_64x128_H96/pos/person_061b.png
train_64x128_H96/pos/person_086a.png
train_64x128_H96/pos/person_086b.png
train_64x128_H96/pos/person_091a.png
train_64x128_H96/pos/person_091b.png
train_64x128_H96/pos/person_091c.png
train_64x128_H96/pos/person_091d.png
train_64x128_H96/pos/person_091e.png
train_64x128_H96/pos/person_091f.png
train_64x128_H96/pos/person_097a.png
train_64x128_H96/pos/person_097b.png
train_64x128_H96/pos/person_097c.png
train_64x128_H96/pos/person_097d.png
train_64x128_H96/pos/person_101a.png
train_64x128_H96/pos/person_101b.png
train_64x128_H96/pos/person_101c.png
train_64x128_H96/pos/person_101d.png
train_64x128_H96/pos/person_102a.png
train_64x128_H96/pos/person_102b.png
train_64x128_H96/pos/person_102c.png
train_64x128_H96/pos/person_102d.png
train_64x128_H96/pos/person_103a.png
train_64x128_H96/pos/person_103b.png
train_64x128_H96/pos/person_106a.png
train_64x128_H96/pos/person_106b.png
train_64x128_H96/pos/person_111a.png
train_64x128_H96/pos/person_111b.png
train_64x128_H96/pos/person_111c.png
train_64x128_H96/pos/person_111d.png
train_64x128_H96/pos/person_112a.png
train_64x128_H96/pos/person_112b.png
train_64x128_H96/pos/person_112c.png
train_64x128_H96/pos/person_112d.png
train_64x128_H96/pos/person_112e.png
train_64x128_H96/pos/person_112f.png
train_64x128_H96/pos/person_114a.png
train_64x128_H96/pos/person_114b.png
train_64x128_H96/pos/person_114c.png
train_64x128_H96/pos/person_114d.png
train_64x128_H96/pos/person_117a.png
train_64x128_H96/pos/person_117b.png
train_64x128_H96/pos/person_119a.png
train_64x128_H96/pos/person_119b.png
train_64x128_H96/pos/person_121a.png
train_64x128_H96/pos/person_121b.png
train_64x128_H96/pos/person_121c.png
train_64x128_H96/pos/person_121d.png
train_64x128_H96/pos/person_124a.png
train_64x128_H96/pos/person_124b.png
train_64x128_H96/pos/person_125a.png
train_64x128_H96/pos/person_125b.png
train_64x128_H96/pos/person_125c.png
train_64x128_H96/pos/person_125d.png
train_64x128_H96/pos/person_126a.png
train_64x128_H96/pos/person_126b.png
train_64x128_H96/pos/person_126c.png
train_64x128_H96/pos/person_126d.png
train_64x128_H96/pos/person_126e.png
train_64x128_H96/pos/person_126f.png
train_64x128_H96/pos/person_128a.png
train_64x128_H96/pos/person_128b.png
train_64x128_H96/pos/person_128c.png
train_64x128_H96/pos/person_128d.png
train_64x128_H96/pos/person_128e.png
train_64x128_H96/pos/person_128f.png
train_64x128_H96/pos/person_129a.png
train_64x128_H96/pos/person_129b.png
train_64x128_H96/pos/person_129c.png
train_64x128_H96/pos/person_129d.png
train_64x128_H96/pos/person_129e.png
train_64x128_H96/pos/person_129f.png
train_64x128_H96/pos/person_130a.png
train_64x128_H96/pos/person_130b.png
train_64x128_H96/pos/person_131a.png
train_64x128_H96/pos/person_131b.png
train_64x128_H96/pos/person_131c.png
train_64x128_H96/pos/person_131d.png
train_64x128_H96/pos/person_131e.png
train_64x128_H96/pos/person_131f.png
train_64x128_H96/pos/person_133a.png
train_64x128_H96/pos/person_133b.png
train_64x128_H96/pos/person_133c.png
train_64x128_H96/pos/person_133d.png
train_64x128_H96/pos/person_133e.png
train_64x128_H96/pos/person_133f.png
train_64x128_H96/pos/person_139a.png
train_64x128_H96/pos/person_139b.png
train_64x128_H96/pos/person_139c.png
train_64x128_H96/pos/person_139d.png
train_64x128_H96/pos/person_139e.png
train_64x128_H96/pos/person_139f.png
train_64x128_H96/pos/person_139g.png
train_64x128_H96/pos/person_139h.png
train_64x128_H96/pos/person_139i.png
train_64x128_H96/pos/person_139j.png
train_64x128_H96/pos/person_141a.png
train_64x128_H96/pos/person_141b.png
train_64x128_H96/pos/person_142a.png
train_64x128_H96/pos/person_142b.png
train_64x128_H96/pos/person_142c.png
train_64x128_H96/pos/person_142d.png
train_64x128_H96/pos/person_143a.png
train_64x128_H96/pos/person_143b.png
train_64x128_H96/pos/person_143c.png
train_64x128_H96/pos/person_143d.png
train_64x128_H96/pos/person_143e.png
train_64x128_H96/pos/person_143f.png
train_64x128_H96/pos/person_156a.png
train_64x128_H96/pos/person_156b.png
train_64x128_H96/pos/person_156c.png
train_64x128_H96/pos/person_156d.png
train_64x128_H96/pos/person_160a.png
train_64x128_H96/pos/person_160b.png
train_64x128_H96/pos/person_160c.png
train_64x128_H96/pos/person_160d.png
train_64x128_H96/pos/person_160e.png
train_64x128_H96/pos/person_160f.png
train_64x128_H96/pos/person_162a.png
train_64x128_H96/pos/person_162b.png
train_64x128_H96/pos/person_162c.png
train_64x128_H96/pos/person_162d.png
train_64x128_H96/pos/person_165a.png
train_64x128_H96/pos/person_165b.png
train_64x128_H96/pos/person_166a.png
train_64x128_H96/pos/person_166b.png
train_64x128_H96/pos/person_166c.png
train_64x128_H96/pos/person_166d.png
train_64x128_H96/pos/person_167a.png
train_64x128_H96/pos/person_167b.png
train_64x128_H96/pos/person_167c.png
train_64x128_H96/pos/person_167d.png
train_64x128_H96/pos/person_168a.png
train_64x128_H96/pos/person_168b.png
train_64x128_H96/pos/person_168c.png
train_64x128_H96/pos/person_168d.png
train_64x128_H96/pos/person_169a.png
train_64x128_H96/pos/person_169b.png
train_64x128_H96/pos/person_169c.png
train_64x128_H96/pos/person_169d.png
train_64x128_H96/pos/person_170a.png
train_64x128_H96/pos/person_170b.png
train_64x128_H96/pos/person_170c.png
train_64x128_H96/pos/person_170d.png
train_64x128_H96/pos/person_171a.png
train_64x128_H96/pos/person_171b.png
train_64x128_H96/pos/person_171c.png
train_64x128_H96/pos/person_171d.png
train_64x128_H96/pos/person_172a.png
train_64x128_H96/pos/person_172b.png
train_64x128_H96/pos/person_172c.png
train_64x128_H96/pos/person_172d.png
train_64x128_H96/pos/person_172e.png
train_64x128_H96/pos/person_172f.png
train_64x128_H96/pos/person_173a.png
train_64x128_H96/pos/person_173b.png
train_64x128_H96/pos/person_173c.png
train_64x128_H96/pos/person_173d.png
train_64x128_H96/pos/person_174a.png
train_64x128_H96/pos/person_174b.png
train_64x128_H96/pos/person_174c.png
train_64x128_H96/pos/person_174d.png
train_64x128_H96/pos/person_174e.png
train_64x128_H96/pos/person_174f.png
train_64x128_H96/pos/person_175a.png
train_64x128_H96/pos/person_175b.png
train_64x128_H96/pos/person_175c.png
train_64x128_H96/pos/person_175d.png
train_64x128_H96/pos/person_175e.png
train_64x128_H96/pos/person_175f.png
train_64x128_H96/pos/person_175g.png
train_64x128_H96/pos/person_175h.png
train_64x128_H96/pos/person_175i.png
train_64x128_H96/pos/person_175j.png
train_64x128_H96/pos/person_176a.png
train_64x128_H96/pos/person_176b.png
train_64x128_H96/pos/person_176c.png
train_64x128_H96/pos/person_176d.png
train_64x128_H96/pos/person_176e.png
train_64x128_H96/pos/person_176f.png
train_64x128_H96/pos/person_176g.png
train_64x128_H96/pos/person_176h.png
train_64x128_H96/pos/person_176i.png
train_64x128_H96/pos/person_176j.png
train_64x128_H96/pos/person_177a.png
train_64x128_H96/pos/person_177b.png
train_64x128_H96/pos/person_177c.png
train_64x128_H96/pos/person_177d.png
train_64x128_H96/pos/person_177e.png
train_64x128_H96/pos/person_177f.png
train_64x128_H96/pos/person_178a.png
train_64x128_H96/pos/person_178b.png
train_64x128_H96/pos/person_178c.png
train_64x128_H96/pos/person_178d.png
train_64x128_H96/pos/person_178e.png
train_64x128_H96/pos/person_178f.png
train_64x128_H96/pos/person_179a.png
train_64x128_H96/pos/person_179b.png
train_64x128_H96/pos/person_181a.png
train_64x128_H96/pos/person_181b.png
train_64x128_H96/pos/person_181c.png
train_64x128_H96/pos/person_181d.png
train_64x128_H96/pos/person_185a.png
train_64x128_H96/pos/person_185b.png
train_64x128_H96/pos/person_185c.png
train_64x128_H96/pos/person_185d.png
train_64x128_H96/pos/person_185e.png
train_64x128_H96/pos/person_185f.png
train_64x128_H96/pos/person_187a.png
train_64x128_H96/pos/person_187b.png
train_64x128_H96/pos/person_187c.png
train_64x128_H96/pos/person_187d.png
train_64x128_H96/pos/person_187e.png
train_64x128_H96/pos/person_187f.png
train_64x128_H96/pos/person_187g.png
train_64x128_H96/pos/person_187h.png
train_64x128_H96/pos/person_195a.png
train_64x128_H96/pos/person_195b.png
train_64x128_H96/pos/person_195c.png
train_64x128_H96/pos/person_195d.png
train_64x128_H96/pos/person_195e.png
train_64x128_H96/pos/person_195f.png
train_64x128_H96/pos/person_195g.png
train_64x128_H96/pos/person_195h.png
train_64x128_H96/pos/person_196a.png
train_64x128_H96/pos/person_196b.png
train_64x128_H96/pos/person_196c.png
train_64x128_H96/pos/person_196d.png
train_64x128_H96/pos/person_199a.png
train_64x128_H96/pos/person_199b.png
train_64x128_H96/pos/person_199c.png
train_64x128_H96/pos/person_199d.png
train_64x128_H96/pos/person_199e.png
train_64x128_H96/pos/person_199f.png
train_64x128_H96/pos/person_199g.png
train_64x128_H96/pos/person_199h.png
train_64x128_H96/pos/person_199i.png
train_64x128_H96/pos/person_199j.png
train_64x128_H96/pos/person_199k.png
train_64x128_H96/pos/person_199l.png
train_64x128_H96/pos/person_201a.png
train_64x128_H96/pos/person_201b.png
train_64x128_H96/pos/person_202a.png
train_64x128_H96/pos/person_202b.png
train_64x128_H96/pos/person_202c.png
train_64x128_H96/pos/person_202d.png
train_64x128_H96/pos/person_202e.png
train_64x128_H96/pos/person_202f.png
train_64x128_H96/pos/person_202g.png
train_64x128_H96/pos/person_202h.png
train_64x128_H96/pos/person_202i.png
train_64x128_H96/pos/person_202j.png
train_64x128_H96/pos/person_203a.png
train_64x128_H96/pos/person_203b.png
train_64x128_H96/pos/person_203c.png
train_64x128_H96/pos/person_203d.png
train_64x128_H96/pos/person_203e.png
train_64x128_H96/pos/person_203f.png
train_64x128_H96/pos/person_203g.png
train_64x128_H96/pos/person_203h.png
train_64x128_H96/pos/person_208a.png
train_64x128_H96/pos/person_208b.png
train_64x128_H96/pos/person_208c.png
train_64x128_H96/pos/person_208d.png
train_64x128_H96/pos/person_209a.png
train_64x128_H96/pos/person_209b.png
train_64x128_H96/pos/person_209c.png
train_64x128_H96/pos/person_209d.png
train_64x128_H96/pos/person_211a.png
train_64x128_H96/pos/person_211b.png
train_64x128_H96/pos/person_214a.png
train_64x128_H96/pos/person_214b.png
train_64x128_H96/pos/person_214c.png
train_64x128_H96/pos/person_214d.png
train_64x128_H96/pos/person_219a.png
train_64x128_H96/pos/person_219b.png
train_64x128_H96/pos/person_219c.png
train_64x128_H96/pos/person_219d.png
train_64x128_H96/pos/person_219e.png
train_64x128_H96/pos/person_219f.png
train_64x128_H96/pos/person_220a.png
train_64x128_H96/pos/person_220b.png
train_64x128_H96/pos/person_220c.png
train_64x128_H96/pos/person_220d.png
train_64x128_H96/pos/person_221a.png
train_64x128_H96/pos/person_221b.png
train_64x128_H96/pos/person_223a.png
train_64x128_H96/pos/person_223b.png
train_64x128_H96/pos/person_223c.png
train_64x128_H96/pos/person_223d.png
train_64x128_H96/pos/person_224a.png
train_64x128_H96/pos/person_224b.png
train_64x128_H96/pos/person_224c.png
train_64x128_H96/pos/person_224d.png
train_64x128_H96/pos/person_224e.png
train_64x128_H96/pos/person_224f.png
train_64x128_H96/pos/person_224g.png
train_64x128_H96/pos/person_224h.png
train_64x128_H96/pos/person_225a.png
train_64x128_H96/pos/person_225b.png
train_64x128_H96/pos/person_225c.png
train_64x128_H96/pos/person_225d.png
train_64x128_H96/pos/person_225e.png
train_64x128_H96/pos/person_225f.png
train_64x128_H96/pos/person_228a.png
train_64x128_H96/pos/person_228b.png
train_64x128_H96/pos/person_228c.png
train_64x128_H96/pos/person_228d.png
train_64x128_H96/pos/person_228e.png
train_64x128_H96/pos/person_228f.png
train_64x128_H96/pos/person_229a.png
train_64x128_H96/pos/person_229b.png
train_64x128_H96/pos/person_229c.png
train_64x128_H96/pos/person_229d.png
train_64x128_H96/pos/person_229e.png
train_64x128_H96/pos/person_229f.png
train_64x128_H96/pos/person_231a.png
train_64x128_H96/pos/person_231b.png
train_64x128_H96/pos/person_231c.png
train_64x128_H96/pos/person_231d.png
train_64x128_H96/pos/person_231e.png
train_64x128_H96/pos/person_231f.png
train_64x128_H96/pos/person_232a.png
train_64x128_H96/pos/person_232b.png
train_64x128_H96/pos/person_232c.png
train_64x128_H96/pos/person_232d.png
train_64x128_H96/pos/person_232e.png
train_64x128_H96/pos/person_232f.png
train_64x128_H96/pos/person_233a.png
train_64x128_H96/pos/person_233b.png
train_64x128_H96/pos/person_233c.png
train_64x128_H96/pos/person_233d.png
train_64x128_H96/pos/person_234a.png
train_64x128_H96/pos/person_234b.png
train_64x128_H96/pos/person_234c.png
train_64x128_H96/pos/person_234d.png
train_64x128_H96/pos/person_234e.png
train_64x128_H96/pos/person_234f.png
train_64x128_H96/pos/person_235a.png
train_64x128_H96/pos/person_235b.png
train_64x128_H96/pos/person_235c.png
train_64x128_H96/pos/person_235d.png
train_64x128_H96/pos/person_237a.png
train_64x128_H96/pos/person_237b.png
train_64x128_H96/pos/person_237c.png
train_64x128_H96/pos/person_237d.png
train_64x128_H96/pos/person_238a.png
train_64x128_H96/pos/person_238b.png
train_64x128_H96/pos/person_238c.png
train_64x128_H96/pos/person_238d.png
train_64x128_H96/pos/person_239a.png
train_64x128_H96/pos/person_239b.png
train_64x128_H96/pos/person_239c.png
train_64x128_H96/pos/person_239d.png
train_64x128_H96/pos/person_240a.png
train_64x128_H96/pos/person_240b.png
train_64x128_H96/pos/person_240c.png
train_64x128_H96/pos/person_240d.png
train_64x128_H96/pos/person_241a.png
train_64x128_H96/pos/person_241b.png
train_64x128_H96/pos/person_241c.png
train_64x128_H96/pos/person_241d.png
train_64x128_H96/pos/person_242a.png
train_64x128_H96/pos/person_242b.png
train_64x128_H96/pos/person_242c.png
train_64x128_H96/pos/person_242d.png
train_64x128_H96/pos/person_243a.png
train_64x128_H96/pos/person_243b.png
train_64x128_H96/pos/person_243c.png
train_64x128_H96/pos/person_243d.png
train_64x128_H96/pos/person_244a.png
train_64x128_H96/pos/person_244b.png
train_64x128_H96/pos/person_244c.png
train_64x128_H96/pos/person_244d.png
train_64x128_H96/pos/person_245a.png
train_64x128_H96/pos/person_245b.png
train_64x128_H96/pos/person_245c.png
train_64x128_H96/pos/person_245d.png
train_64x128_H96/pos/person_252a.png
train_64x128_H96/pos/person_252b.png
train_64x128_H96/pos/person_252c.png
train_64x128_H96/pos/person_252d.png
train_64x128_H96/pos/person_253a.png
train_64x128_H96/pos/person_253b.png
train_64x128_H96/pos/person_253c.png
train_64x128_H96/pos/person_253d.png
train_64x128_H96/pos/person_253e.png
train_64x128_H96/pos/person_253f.png
train_64x128_H96/pos/person_253g.png
train_64x128_H96/pos/person_253h.png
train_64x128_H96/pos/person_253i.png
train_64x128_H96/pos/person_253j.png
train_64x128_H96/pos/person_254a.png
train_64x128_H96/pos/person_254b.png
train_64x128_H96/pos/person_254c.png
train_64x128_H96/pos/person_254d.png
train_64x128_H96/pos/person_254e.png
train_64x128_H96/pos/person_254f.png
train_64x128_H96/pos/person_256a.png
train_64x128_H96/pos/person_256b.png
train_64x128_H96/pos/person_257a.png
train_64x128_H96/pos/person_257b.png
train_64x128_H96/pos/person_257c.png
train_64x128_H96/pos/person_257d.png
train_64x128_H96/pos/person_258a.png
train_64x128_H96/pos/person_258b.png
train_64x128_H96/pos/person_259a.png
train_64x128_H96/pos/person_259b.png
train_64x128_H96/pos/person_259c.png
train_64x128_H96/pos/person_259d.png
train_64x128_H96/pos/person_259e.png
train_64x128_H96/pos/person_259f.png
train_64x128_H96/pos/person_259g.png
train_64x128_H96/pos/person_259h.png
train_64x128_H96/pos/person_260a.png
train_64x128_H96/pos/person_260b.png
train_64x128_H96/pos/person_260c.png
train_64x128_H96/pos/person_260d.png
train_64x128_H96/pos/person_266a.png
train_64x128_H96/pos/person_266b.png
train_64x128_H96/pos/person_266c.png
train_64x128_H96/pos/person_266d.png
train_64x128_H96/pos/person_269a.png
train_64x128_H96/pos/person_269b.png
train_64x128_H96/pos/person_269c.png
train_64x128_H96/pos/person_269d.png
train_64x128_H96/pos/person_269e.png
train_64x128_H96/pos/person_269f.png
train_64x128_H96/pos/person_269g.png
train_64x128_H96/pos/person_269h.png
train_64x128_H96/pos/person_270a.png
train_64x128_H96/pos/person_270b.png
train_64x128_H96/pos/person_270c.png
train_64x128_H96/pos/person_270d.png
train_64x128_H96/pos/person_273a.png
train_64x128_H96/pos/person_273b.png
train_64x128_H96/pos/person_273c.png
train_64x128_H96/pos/person_273d.png
train_64x128_H96/pos/person_273e.png
train_64x128_H96/pos/person_273f.png
train_64x128_H96/pos/person_274a.png
train_64x128_H96/pos/person_274b.png
train_64x128_H96/pos/person_274c.png
train_64x128_H96/pos/person_274d.png
train_64x128_H96/pos/person_275a.png
train_64x128_H96/pos/person_275b.png
train_64x128_H96/pos/person_279a.png
train_64x128_H96/pos/person_279b.png
train_64x128_H96/pos/person_279c.png
train_64x128_H96/pos/person_279d.png
train_64x128_H96/pos/person_279e.png
train_64x128_H96/pos/person_279f.png
train_64x128_H96/pos/person_279g.png
train_64x128_H96/pos/person_279h.png
train_64x128_H96/pos/person_281a.png
train_64x128_H96/pos/person_281b.png
train_64x128_H96/pos/person_281c.png
train_64x128_H96/pos/person_281d.png
train_64x128_H96/pos/person_283a.png
train_64x128_H96/pos/person_283b.png
train_64x128_H96/pos/person_284a.png
train_64x128_H96/pos/person_284b.png
train_64x128_H96/pos/person_284c.png
train_64x128_H96/pos/person_284d.png
train_64x128_H96/pos/person_285a.png
train_64x128_H96/pos/person_285b.png
train_64x128_H96/pos/person_286a.png
train_64x128_H96/pos/person_286b.png
train_64x128_H96/pos/person_286c.png
train_64x128_H96/pos/person_286d.png
train_64x128_H96/pos/person_287a.png
train_64x128_H96/pos/person_287b.png
train_64x128_H96/pos/person_287c.png
train_64x128_H96/pos/person_287d.png
train_64x128_H96/pos/person_288a.png
train_64x128_H96/pos/person_288b.png
train_64x128_H96/pos/person_288c.png
train_64x128_H96/pos/person_288d.png
train_64x128_H96/pos/person_289a.png
train_64x128_H96/pos/person_289b.png
train_64x128_H96/pos/person_289c.png
train_64x128_H96/pos/person_289d.png
train_64x128_H96/pos/person_291a.png
train_64x128_H96/pos/person_291b.png
train_64x128_H96/pos/person_291c.png
train_64x128_H96/pos/person_291d.png
train_64x128_H96/pos/person_292a.png
train_64x128_H96/pos/person_292b.png
train_64x128_H96/pos/person_292c.png
train_64x128_H96/pos/person_292d.png
train_64x128_H96/pos/person_294a.png
train_64x128_H96/pos/person_294b.png
train_64x128_H96/pos/person_295a.png
train_64x128_H96/pos/person_295b.png
train_64x128_H96/pos/person_296a.png
train_64x128_H96/pos/person_296b.png
train_64x128_H96/pos/person_297a.png
train_64x128_H96/pos/person_297b.png
train_64x128_H96/pos/person_297c.png
train_64x128_H96/pos/person_297d.png
train_64x128_H96/pos/person_297e.png
train_64x128_H96/pos/person_297f.png
train_64x128_H96/pos/person_297g.png
train_64x128_H96/pos/person_297h.png
train_64x128_H96/pos/person_298a.png
train_64x128_H96/pos/person_298b.png
train_64x128_H96/pos/person_298c.png
train_64x128_H96/pos/person_298d.png
train_64x128_H96/pos/person_299a.png
train_64x128_H96/pos/person_299b.png
train_64x128_H96/pos/person_299c.png
train_64x128_H96/pos/person_299d.png
train_64x128_H96/pos/person_300a.png
train_64x128_H96/pos/person_300b.png
train_64x128_H96/pos/person_300c.png
train_64x128_H96/pos/person_300d.png
train_64x128_H96/pos/person_301a.png
train_64x128_H96/pos/person_301b.png
train_64x128_H96/pos/person_302a.png
train_64x128_H96/pos/person_302b.png
train_64x128_H96/pos/person_302c.png
train_64x128_H96/pos/person_302d.png
train_64x128_H96/pos/person_304a.png
train_64x128_H96/pos/person_304b.png
train_64x128_H96/pos/person_304c.png
train_64x128_H96/pos/person_304d.png
train_64x128_H96/pos/person_304e.png
train_64x128_H96/pos/person_304f.png
train_64x128_H96/pos/person_305a.png
train_64x128_H96/pos/person_305b.png
train_64x128_H96/pos/person_305c.png
train_64x128_H96/pos/person_305d.png
train_64x128_H96/pos/person_319a.png
train_64x128_H96/pos/person_319b.png
train_64x128_H96/pos/person_319c.png
train_64x128_H96/pos/person_319d.png
train_64x128_H96/pos/person_319e.png
train_64x128_H96/pos/person_319f.png
train_64x128_H96/pos/person_319g.png
train_64x128_H96/pos/person_319h.png
train_64x128_H96/pos/person_320a.png
train_64x128_H96/pos/person_320b.png
train_64x128_H96/pos/person_320c.png
train_64x128_H96/pos/person_320d.png
train_64x128_H96/pos/person_320e.png
train_64x128_H96/pos/person_320f.png
train_64x128_H96/pos/person_321a.png
train_64x128_H96/pos/person_321b.png
train_64x128_H96/pos/person_321c.png
train_64x128_H96/pos/person_321d.png
train_64x128_H96/pos/person_324a.png
train_64x128_H96/pos/person_324b.png
train_64x128_H96/pos/person_324c.png
train_64x128_H96/pos/person_324d.png
train_64x128_H96/pos/person_327a.png
train_64x128_H96/pos/person_327b.png
train_64x128_H96/pos/person_328a.png
train_64x128_H96/pos/person_328b.png
train_64x128_H96/pos/person_329a.png
train_64x128_H96/pos/person_329b.png
train_64x128_H96/pos/person_331a.png
train_64x128_H96/pos/person_331b.png
train_64x128_H96/pos/person_331c.png
train_64x128_H96/pos/person_331d.png
train_64x128_H96/pos/person_331e.png
train_64x128_H96/pos/person_331f.png
train_64x128_H96/pos/person_333a.png
train_64x128_H96/pos/person_333b.png
train_64x128_H96/pos/person_333c.png
train_64x128_H96/pos/person_333d.png
train_64x128_H96/pos/person_333e.png
train_64x128_H96/pos/person_333f.png
train_64x128_H96/pos/person_333g.png
train_64x128_H96/pos/person_333h.png
train_64x128_H96/pos/person_334a.png
train_64x128_H96/pos/person_334b.png
train_64x128_H96/pos/person_334c.png
train_64x128_H96/pos/person_334d.png
train_64x128_H96/pos/person_334e.png
train_64x128_H96/pos/person_334f.png
train_64x128_H96/pos/person_339a.png
train_64x128_H96/pos/person_339b.png
train_64x128_H96/pos/person_339c.png
train_64x128_H96/pos/person_339d.png
train_64x128_H96/pos/person_339e.png
train_64x128_H96/pos/person_339f.png
train_64x128_H96/pos/person_340a.png
train_64x128_H96/pos/person_340b.png
train_64x128_H96/pos/person_340c.png
train_64x128_H96/pos/person_340d.png
train_64x128_H96/pos/person_341a.png
train_64x128_H96/pos/person_341b.png
train_64x128_H96/pos/person_341c.png
train_64x128_H96/pos/person_341d.png
train_64x128_H96/pos/person_342a.png
train_64x128_H96/pos/person_342b.png
train_64x128_H96/pos/person_343a.png
train_64x128_H96/pos/person_343b.png
train_64x128_H96/pos/person_344a.png
train_64x128_H96/pos/person_344b.png
train_64x128_H96/pos/person_346a.png
train_64x128_H96/pos/person_346b.png
train_64x128_H96/pos/person_348a.png
train_64x128_H96/pos/person_348b.png
train_64x128_H96/pos/person_348c.png
train_64x128_H96/pos/person_348d.png
train_64x128_H96/pos/person_348e.png
train_64x128_H96/pos/person_348f.png
train_64x128_H96/pos/person_348g.png
train_64x128_H96/pos/person_348h.png
train_64x128_H96/pos/person_349a.png
train_64x128_H96/pos/person_349b.png
train_64x128_H96/pos/person_349c.png
train_64x128_H96/pos/person_349d.png
train_64x128_H96/pos/person_349e.png
train_64x128_H96/pos/person_349f.png
train_64x128_H96/pos/person_356a.png
train_64x128_H96/pos/person_356b.png
train_64x128_H96/pos/person_357a.png
train_64x128_H96/pos/person_357b.png
train_64x128_H96/pos/person_357c.png
train_64x128_H96/pos/person_357d.png
train_64x128_H96/pos/person_358a.png
train_64x128_H96/pos/person_358b.png
train_64x128_H96/pos/person_376a.png
train_64x128_H96/pos/person_376b.png
train_64x128_H96/pos/person_376c.png
train_64x128_H96/pos/person_376d.png
train_64x128_H96/pos/person_376e.png
train_64x128_H96/pos/person_376f.png
train_64x128_H96/pos/person_377a.png
train_64x128_H96/pos/person_377b.png
train_64x128_H96/pos/person_377c.png
train_64x128_H96/pos/person_377d.png
train_64x128_H96/pos/person_377e.png
train_64x128_H96/pos/person_377f.png
train_64x128_H96/pos/person_377g.png
train_64x128_H96/pos/person_377h.png
train_64x128_H96/pos/person_377i.png
train_64x128_H96/pos/person_377j.png
train_64x128_H96/pos/person_378a.png
train_64x128_H96/pos/person_378b.png
train_64x128_H96/pos/person_378c.png
train_64x128_H96/pos/person_378d.png
train_64x128_H96/pos/person_378e.png
train_64x128_H96/pos/person_378f.png
train_64x128_H96/pos/person_378g.png
train_64x128_H96/pos/person_378h.png
train_64x128_H96/pos/person_378i.png
train_64x128_H96/pos/person_378j.png
train_64x128_H96/pos/person_378k.png
train_64x128_H96/pos/person_378l.png
train_64x128_H96/pos/person_378m.png
train_64x128_H96/pos/person_378n.png
train_64x128_H96/pos/person_387a.png
train_64x128_H96/pos/person_387b.png
train_64x128_H96/pos/person_387c.png
train_64x128_H96/pos/person_387d.png
train_64x128_H96/pos/person_395a.png
train_64x128_H96/pos/person_395b.png
train_64x128_H96/pos/person_395c.png
train_64x128_H96/pos/person_395d.png
train_64x128_H96/pos/person_414a.png
train_64x128_H96/pos/person_414b.png
train_64x128_H96/pos/person_414c.png
train_64x128_H96/pos/person_414d.png
train_64x128_H96/pos/person_414e.png
train_64x128_H96/pos/person_414f.png
train_64x128_H96/pos/person_425a.png
train_64x128_H96/pos/person_425b.png
train_64x128_H96/pos/person_425c.png
train_64x128_H96/pos/person_425d.png
train_64x128_H96/pos/person_425e.png
train_64x128_H96/pos/person_425f.png
train_64x128_H96/pos/person_and_bike_002a.png
train_64x128_H96/pos/person_and_bike_002b.png
train_64x128_H96/pos/person_and_bike_002c.png
train_64x128_H96/pos/person_and_bike_002d.png
train_64x128_H96/pos/person_and_bike_003a.png
train_64x128_H96/pos/person_and_bike_003b.png
train_64x128_H96/pos/person_and_bike_005a.png
train_64x128_H96/pos/person_and_bike_005b.png
train_64x128_H96/pos/person_and_bike_007a.png
train_64x128_H96/pos/person_and_bike_007b.png
train_64x128_H96/pos/person_and_bike_008a.png
train_64x128_H96/pos/person_and_bike_008b.png
train_64x128_H96/pos/person_and_bike_008c.png
train_64x128_H96/pos/person_and_bike_008d.png
train_64x128_H96/pos/person_and_bike_009a.png
train_64x128_H96/pos/person_and_bike_009b.png
train_64x128_H96/pos/person_and_bike_010a.png
train_64x128_H96/pos/person_and_bike_010b.png
train_64x128_H96/pos/person_and_bike_010c.png
train_64x128_H96/pos/person_and_bike_010d.png
train_64x128_H96/pos/person_and_bike_011a.png
train_64x128_H96/pos/person_and_bike_011b.png
train_64x128_H96/pos/person_and_bike_011d.png
train_64x128_H96/pos/person_and_bike_011e.png
train_64x128_H96/pos/person_and_bike_013a.png
train_64x128_H96/pos/person_and_bike_013b.png
train_64x128_H96/pos/person_and_bike_013c.png
train_64x128_H96/pos/person_and_bike_013d.png
train_64x128_H96/pos/person_and_bike_013e.png
train_64x128_H96/pos/person_and_bike_013f.png
train_64x128_H96/pos/person_and_bike_015a.png
train_64x128_H96/pos/person_and_bike_015b.png
train_64x128_H96/pos/person_and_bike_016a.png
train_64x128_H96/pos/person_and_bike_016b.png
train_64x128_H96/pos/person_and_bike_016c.png
train_64x128_H96/pos/person_and_bike_016d.png
train_64x128_H96/pos/person_and_bike_016e.png
train_64x128_H96/pos/person_and_bike_016f.png
train_64x128_H96/pos/person_and_bike_016g.png
train_64x128_H96/pos/person_and_bike_016h.png
train_64x128_H96/pos/person_and_bike_017a.png
train_64x128_H96/pos/person_and_bike_017b.png
train_64x128_H96/pos/person_and_bike_019a.png
train_64x128_H96/pos/person_and_bike_019b.png
train_64x128_H96/pos/person_and_bike_020a.png
train_64x128_H96/pos/person_and_bike_020b.png
train_64x128_H96/pos/person_and_bike_020c.png
train_64x128_H96/pos/person_and_bike_020d.png
train_64x128_H96/pos/person_and_bike_020e.png
train_64x128_H96/pos/person_and_bike_020f.png
train_64x128_H96/pos/person_and_bike_021a.png
train_64x128_H96/pos/person_and_bike_021b.png
train_64x128_H96/pos/person_and_bike_022a.png
train_64x128_H96/pos/person_and_bike_022b.png
train_64x128_H96/pos/person_and_bike_023a.png
train_64x128_H96/pos/person_and_bike_023b.png
train_64x128_H96/pos/person_and_bike_026a.png
train_64x128_H96/pos/person_and_bike_026b.png
train_64x128_H96/pos/person_and_bike_026c.png
train_64x128_H96/pos/person_and_bike_026d.png
train_64x128_H96/pos/person_and_bike_030a.png
train_64x128_H96/pos/person_and_bike_030b.png
train_64x128_H96/pos/person_and_bike_030c.png
train_64x128_H96/pos/person_and_bike_030d.png
train_64x128_H96/pos/person_and_bike_031a.png
train_64x128_H96/pos/person_and_bike_031b.png
train_64x128_H96/pos/person_and_bike_033a.png
train_64x128_H96/pos/person_and_bike_033b.png
train_64x128_H96/pos/person_and_bike_034a.png
train_64x128_H96/pos/person_and_bike_034b.png
train_64x128_H96/pos/person_and_bike_036a.png
train_64x128_H96/pos/person_and_bike_036b.png
train_64x128_H96/pos/person_and_bike_039a.png
train_64x128_H96/pos/person_and_bike_039b.png
train_64x128_H96/pos/person_and_bike_039c.png
train_64x128_H96/pos/person_and_bike_039d.png
train_64x128_H96/pos/person_and_bike_040a.png
train_64x128_H96/pos/person_and_bike_040b.png
train_64x128_H96/pos/person_and_bike_040c.png
train_64x128_H96/pos/person_and_bike_040d.png
train_64x128_H96/pos/person_and_bike_040e.png
train_64x128_H96/pos/person_and_bike_040f.png
train_64x128_H96/pos/person_and_bike_074a.png
train_64x128_H96/pos/person_and_bike_074b.png
train_64x128_H96/pos/person_and_bike_075a.png
train_64x128_H96/pos/person_and_bike_075b.png
train_64x128_H96/pos/person_and_bike_078a.png
train_64x128_H96/pos/person_and_bike_078b.png
train_64x128_H96/pos/person_and_bike_117a.png
train_64x128_H96/pos/person_and_bike_117b.png
train_64x128_H96/pos/person_and_bike_118a.png
train_64x128_H96/pos/person_and_bike_118b.png
train_64x128_H96/pos/person_and_bike_119a.png
train_64x128_H96/pos/person_and_bike_119b.png
train_64x128_H96/pos/person_and_bike_120a.png
train_64x128_H96/pos/person_and_bike_120b.png
train_64x128_H96/pos/person_and_bike_120c.png
train_64x128_H96/pos/person_and_bike_120d.png
train_64x128_H96/pos/person_and_bike_120e.png
train_64x128_H96/pos/person_and_bike_120f.png
train_64x128_H96/pos/person_and_bike_121a.png
train_64x128_H96/pos/person_and_bike_121b.png
train_64x128_H96/pos/person_and_bike_121c.png
train_64x128_H96/pos/person_and_bike_121d.png
train_64x128_H96/pos/person_and_bike_123a.png
train_64x128_H96/pos/person_and_bike_123b.png
train_64x128_H96/pos/person_and_bike_124a.png
train_64x128_H96/pos/person_and_bike_124b.png
train_64x128_H96/pos/person_and_bike_124c.png
train_64x128_H96/pos/person_and_bike_124d.png
train_64x128_H96/pos/person_and_bike_125a.png
train_64x128_H96/pos/person_and_bike_125b.png
train_64x128_H96/pos/person_and_bike_125c.png
train_64x128_H96/pos/person_and_bike_125d.png
train_64x128_H96/pos/person_and_bike_125e.png
train_64x128_H96/pos/person_and_bike_125f.png
train_64x128_H96/pos/person_and_bike_125g.png
train_64x128_H96/pos/person_and_bike_125h.png
train_64x128_H96/pos/person_and_bike_127a.png
train_64x128_H96/pos/person_and_bike_127b.png
train_64x128_H96/pos/person_and_bike_127c.png
train_64x128_H96/pos/person_and_bike_127d.png
train_64x128_H96/pos/person_and_bike_128a.png
train_64x128_H96/pos/person_and_bike_128b.png
train_64x128_H96/pos/person_and_bike_128c.png
train_64x128_H96/pos/person_and_bike_128d.png
train_64x128_H96/pos/person_and_bike_129a.png
train_64x128_H96/pos/person_and_bike_129b.png
train_64x128_H96/pos/person_and_bike_129c.png
train_64x128_H96/pos/person_and_bike_129d.png
train_64x128_H96/pos/person_and_bike_129e.png
train_64x128_H96/pos/person_and_bike_129f.png
train_64x128_H96/pos/person_and_bike_129g.png
train_64x128_H96/pos/person_and_bike_129h.png
train_64x128_H96/pos/person_and_bike_129i.png
train_64x128_H96/pos/person_and_bike_129j.png
train_64x128_H96/pos/person_and_bike_130a.png
train_64x128_H96/pos/person_and_bike_130b.png
train_64x128_H96/pos/person_and_bike_130c.png
train_64x128_H96/pos/person_and_bike_130d.png
train_64x128_H96/pos/person_and_bike_132a.png
train_64x128_H96/pos/person_and_bike_132b.png
train_64x128_H96/pos/person_and_bike_132c.png
train_64x128_H96/pos/person_and_bike_132d.png
train_64x128_H96/pos/person_and_bike_132e.png
train_64x128_H96/pos/person_and_bike_132f.png
train_64x128_H96/pos/person_and_bike_132g.png
train_64x128_H96/pos/person_and_bike_132h.png
train_64x128_H96/pos/person_and_bike_134a.png
train_64x128_H96/pos/person_and_bike_134b.png
train_64x128_H96/pos/person_and_bike_134c.png
train_64x128_H96/pos/person_and_bike_134d.png
train_64x128_H96/pos/person_and_bike_134e.png
train_64x128_H96/pos/person_and_bike_134f.png
train_64x128_H96/pos/person_and_bike_134g.png
train_64x128_H96/pos/person_and_bike_134h.png
train_64x128_H96/pos/person_and_bike_134i.png
train_64x128_H96/pos/person_and_bike_134j.png
train_64x128_H96/pos/person_and_bike_135a.png
train_64x128_H96/pos/person_and_bike_135b.png
train_64x128_H96/pos/person_and_bike_135c.png
train_64x128_H96/pos/person_and_bike_135d.png
train_64x128_H96/pos/person_and_bike_135e.png
train_64x128_H96/pos/person_and_bike_135f.png
train_64x128_H96/pos/person_and_bike_135g.png
train_64x128_H96/pos/person_and_bike_135h.png
train_64x128_H96/pos/person_and_bike_137a.png
train_64x128_H96/pos/person_and_bike_137b.png
train_64x128_H96/pos/person_and_bike_137c.png
train_64x128_H96/pos/person_and_bike_137d.png
train_64x128_H96/pos/person_and_bike_137e.png
train_64x128_H96/pos/person_and_bike_137f.png
train_64x128_H96/pos/person_and_bike_137g.png
train_64x128_H96/pos/person_and_bike_137h.png
train_64x128_H96/pos/person_and_bike_137i.png
train_64x128_H96/pos/person_and_bike_137j.png
train_64x128_H96/pos/person_and_bike_137k.png
train_64x128_H96/pos/person_and_bike_137l.png
train_64x128_H96/pos/person_and_bike_138a.png
train_64x128_H96/pos/person_and_bike_138b.png
train_64x128_H96/pos/person_and_bike_139a.png
train_64x128_H96/pos/person_and_bike_139b.png
train_64x128_H96/pos/person_and_bike_139c.png
train_64x128_H96/pos/person_and_bike_139d.png
train_64x128_H96/pos/person_and_bike_142a.png
train_64x128_H96/pos/person_and_bike_142b.png
train_64x128_H96/pos/person_and_bike_142c.png
train_64x128_H96/pos/person_and_bike_142d.png
train_64x128_H96/pos/person_and_bike_142e.png
train_64x128_H96/pos/person_and_bike_142f.png
train_64x128_H96/pos/person_and_bike_143a.png
train_64x128_H96/pos/person_and_bike_143b.png
train_64x128_H96/pos/person_and_bike_143c.png
train_64x128_H96/pos/person_and_bike_143d.png
train_64x128_H96/pos/person_and_bike_146a.png
train_64x128_H96/pos/person_and_bike_146b.png
train_64x128_H96/pos/person_and_bike_146c.png
train_64x128_H96/pos/person_and_bike_146d.png
train_64x128_H96/pos/person_and_bike_147a.png
train_64x128_H96/pos/person_and_bike_147b.png
train_64x128_H96/pos/person_and_bike_147c.png
train_64x128_H96/pos/person_and_bike_147d.png
train_64x128_H96/pos/person_and_bike_147e.png
train_64x128_H96/pos/person_and_bike_147f.png
train_64x128_H96/pos/person_and_bike_148a.png
train_64x128_H96/pos/person_and_bike_148b.png
train_64x128_H96/pos/person_and_bike_148c.png
train_64x128_H96/pos/person_and_bike_148d.png
train_64x128_H96/pos/person_and_bike_148e.png
train_64x128_H96/pos/person_and_bike_148f.png
train_64x128_H96/pos/person_and_bike_148g.png
train_64x128_H96/pos/person_and_bike_148h.png
train_64x128_H96/pos/person_and_bike_148i.png
train_64x128_H96/pos/person_and_bike_148j.png
train_64x128_H96/pos/person_and_bike_150a.png
train_64x128_H96/pos/person_and_bike_150b.png
train_64x128_H96/pos/person_and_bike_150c.png
train_64x128_H96/pos/person_and_bike_150d.png
train_64x128_H96/pos/person_and_bike_150e.png
train_64x128_H96/pos/person_and_bike_150f.png
train_64x128_H96/pos/person_and_bike_151a.png
train_64x128_H96/pos/person_and_bike_151b.png
train_64x128_H96/pos/person_and_bike_151c.png
train_64x128_H96/pos/person_and_bike_151d.png
train_64x128_H96/pos/person_and_bike_152a.png
train_64x128_H96/pos/person_and_bike_152b.png
train_64x128_H96/pos/person_and_bike_152c.png
train_64x128_H96/pos/person_and_bike_152d.png
train_64x128_H96/pos/person_and_bike_155a.png
train_64x128_H96/pos/person_and_bike_155b.png
train_64x128_H96/pos/person_and_bike_156a.png
train_64x128_H96/pos/person_and_bike_156b.png
train_64x128_H96/pos/person_and_bike_157a.png
train_64x128_H96/pos/person_and_bike_157b.png
train_64x128_H96/pos/person_and_bike_166a.png
train_64x128_H96/pos/person_and_bike_166b.png
train_64x128_H96/pos/person_and_bike_191a.png
train_64x128_H96/pos/person_and_bike_191b.png
train_64x128_H96/pos/person_and_bike_207a.png
train_64x128_H96/pos/person_and_bike_207b.png
train_64x128_H96/pos/person_and_bike_208a.png
train_64x128_H96/pos/person_and_bike_208b.png
train_64x128_H96/pos/person_and_bike_209a.png
train_64x128_H96/pos/person_and_bike_209b.png
